# JRE version: Java(TM) SE Runtime Environment (7.0_79-b15) (build 1.7.0_79-b15)
# Java VM: Java HotSpot(TM) 64-Bit Server VM (24.79-b02 mixed mode windows-amd64 compressed oops)
Heap
 PSYoungGen      total 245248K, used 183116K [0x00000000eaa80000, 0x00000000fbd00000, 0x0000000100000000)
  eden space 242176K, 75% used [0x00000000eaa80000,0x00000000f5d531b8,0x00000000f9700000)
  from space 3072K, 0% used [0x00000000f9700000,0x00000000f9700000,0x00000000f9a00000)
  to   space 19456K, 0% used [0x00000000faa00000,0x00000000faa00000,0x00000000fbd00000)
 ParOldGen       total 86016K, used 53538K [0x00000000c0000000, 0x00000000c5400000, 0x00000000eaa80000)
  object space 86016K, 62% used [0x00000000c0000000,0x00000000c3448988,0x00000000c5400000)
 PSPermGen       total 87040K, used 59487K [0x00000000b0000000, 0x00000000b5500000, 0x00000000c0000000)
  object space 87040K, 68% used [0x00000000b0000000,0x00000000b3a17d38,0x00000000b5500000)
GC Heap History (10 events):
Event: 4586.206 GC heap before
{Heap before GC invocations=31 (full 8):
 PSYoungGen      total 274432K, used 239502K [0x00000000eaa80000, 0x00000000fcd80000, 0x0000000100000000)
  eden space 252928K, 94% used [0x00000000eaa80000,0x00000000f9463980,0x00000000fa180000)
  from space 21504K, 0% used [0x00000000fb880000,0x00000000fb880000,0x00000000fcd80000)
  to   space 22528K, 0% used [0x00000000fa180000,0x00000000fa180000,0x00000000fb780000)
 ParOldGen       total 86016K, used 48256K [0x00000000c0000000, 0x00000000c5400000, 0x00000000eaa80000)
  object space 86016K, 56% used [0x00000000c0000000,0x00000000c2f200d8,0x00000000c5400000)
 PSPermGen       total 94208K, used 58548K [0x00000000b0000000, 0x00000000b5c00000, 0x00000000c0000000)
  object space 94208K, 62% used [0x00000000b0000000,0x00000000b392d2e8,0x00000000b5c00000)
Event: 4586.225 GC heap after
Heap after GC invocations=31 (full 8):
 PSYoungGen      total 260608K, used 7452K [0x00000000eaa80000, 0x00000000fca80000, 0x0000000100000000)
  eden space 252928K, 0% used [0x00000000eaa80000,0x00000000eaa80000,0x00000000fa180000)
  from space 7680K, 97% used [0x00000000fa180000,0x00000000fa8c7248,0x00000000fa900000)
  to   space 20992K, 0% used [0x00000000fb600000,0x00000000fb600000,0x00000000fca80000)
 ParOldGen       total 86016K, used 48256K [0x00000000c0000000, 0x00000000c5400000, 0x00000000eaa80000)
  object space 86016K, 56% used [0x00000000c0000000,0x00000000c2f200d8,0x00000000c5400000)
 PSPermGen       total 94208K, used 58548K [0x00000000b0000000, 0x00000000b5c00000, 0x00000000c0000000)
  object space 94208K, 62% used [0x00000000b0000000,0x00000000b392d2e8,0x00000000b5c00000)
}
Event: 4586.225 GC heap before
{Heap before GC invocations=32 (full 9):
 PSYoungGen      total 260608K, used 7452K [0x00000000eaa80000, 0x00000000fca80000, 0x0000000100000000)
  eden space 252928K, 0% used [0x00000000eaa80000,0x00000000eaa80000,0x00000000fa180000)
  from space 7680K, 97% used [0x00000000fa180000,0x00000000fa8c7248,0x00000000fa900000)
  to   space 20992K, 0% used [0x00000000fb600000,0x00000000fb600000,0x00000000fca80000)
 ParOldGen       total 86016K, used 48256K [0x00000000c0000000, 0x00000000c5400000, 0x00000000eaa80000)
  object space 86016K, 56% used [0x00000000c0000000,0x00000000c2f200d8,0x00000000c5400000)
 PSPermGen       total 94208K, used 58548K [0x00000000b0000000, 0x00000000b5c00000, 0x00000000c0000000)
  object space 94208K, 62% used [0x00000000b0000000,0x00000000b392d2e8,0x00000000b5c00000)
Event: 4587.265 GC heap after
Heap after GC invocations=32 (full 9):
 PSYoungGen      total 260608K, used 0K [0x00000000eaa80000, 0x00000000fca80000, 0x0000000100000000)
  eden space 252928K, 0% used [0x00000000eaa80000,0x00000000eaa80000,0x00000000fa180000)
  from space 7680K, 0% used [0x00000000fa180000,0x00000000fa180000,0x00000000fa900000)
  to   space 20992K, 0% used [0x00000000fb600000,0x00000000fb600000,0x00000000fca80000)
 ParOldGen       total 86016K, used 50576K [0x00000000c0000000, 0x00000000c5400000, 0x00000000eaa80000)
  object space 86016K, 58% used [0x00000000c0000000,0x00000000c31641f8,0x00000000c5400000)
 PSPermGen       total 90624K, used 58256K [0x00000000b0000000, 0x00000000b5880000, 0x00000000c0000000)
  object space 90624K, 64% used [0x00000000b0000000,0x00000000b38e4308,0x00000000b5880000)
}
Event: 4937.073 GC heap before
{Heap before GC invocations=33 (full 9):
 PSYoungGen      total 260608K, used 252928K [0x00000000eaa80000, 0x00000000fca80000, 0x0000000100000000)
  eden space 252928K, 100% used [0x00000000eaa80000,0x00000000fa180000,0x00000000fa180000)
  from space 7680K, 0% used [0x00000000fa180000,0x00000000fa180000,0x00000000fa900000)
  to   space 20992K, 0% used [0x00000000fb600000,0x00000000fb600000,0x00000000fca80000)
 ParOldGen       total 86016K, used 50576K [0x00000000c0000000, 0x00000000c5400000, 0x00000000eaa80000)
  object space 86016K, 58% used [0x00000000c0000000,0x00000000c31641f8,0x00000000c5400000)
 PSPermGen       total 90624K, used 58890K [0x00000000b0000000, 0x00000000b5880000, 0x00000000c0000000)
  object space 90624K, 64% used [0x00000000b0000000,0x00000000b39829a8,0x00000000b5880000)
Event: 4937.115 GC heap after
Heap after GC invocations=33 (full 9):
 PSYoungGen      total 251392K, used 3664K [0x00000000eaa80000, 0x00000000fbf00000, 0x0000000100000000)
  eden space 242176K, 0% used [0x00000000eaa80000,0x00000000eaa80000,0x00000000f9700000)
  from space 9216K, 39% used [0x00000000fb600000,0x00000000fb994030,0x00000000fbf00000)
  to   space 20480K, 0% used [0x00000000f9700000,0x00000000f9700000,0x00000000fab00000)
 ParOldGen       total 86016K, used 50576K [0x00000000c0000000, 0x00000000c5400000, 0x00000000eaa80000)
  object space 86016K, 58% used [0x00000000c0000000,0x00000000c31641f8,0x00000000c5400000)
 PSPermGen       total 90624K, used 58890K [0x00000000b0000000, 0x00000000b5880000, 0x00000000c0000000)
  object space 90624K, 64% used [0x00000000b0000000,0x00000000b39829a8,0x00000000b5880000)
}
Event: 4938.775 GC heap before
{Heap before GC invocations=34 (full 9):
 PSYoungGen      total 251392K, used 97727K [0x00000000eaa80000, 0x00000000fbf00000, 0x0000000100000000)
  eden space 242176K, 38% used [0x00000000eaa80000,0x00000000f065bdd8,0x00000000f9700000)
  from space 9216K, 39% used [0x00000000fb600000,0x00000000fb994030,0x00000000fbf00000)
  to   space 20480K, 0% used [0x00000000f9700000,0x00000000f9700000,0x00000000fab00000)
 ParOldGen       total 86016K, used 50576K [0x00000000c0000000, 0x00000000c5400000, 0x00000000eaa80000)
  object space 86016K, 58% used [0x00000000c0000000,0x00000000c31641f8,0x00000000c5400000)
 PSPermGen       total 90624K, used 59265K [0x00000000b0000000, 0x00000000b5880000, 0x00000000c0000000)
  object space 90624K, 65% used [0x00000000b0000000,0x00000000b39e0778,0x00000000b5880000)
Event: 4938.798 GC heap after
Heap after GC invocations=34 (full 9):
 PSYoungGen      total 245248K, used 2780K [0x00000000eaa80000, 0x00000000fbd00000, 0x0000000100000000)
  eden space 242176K, 0% used [0x00000000eaa80000,0x00000000eaa80000,0x00000000f9700000)
  from space 3072K, 90% used [0x00000000f9700000,0x00000000f99b7338,0x00000000f9a00000)
  to   space 19456K, 0% used [0x00000000faa00000,0x00000000faa00000,0x00000000fbd00000)
 ParOldGen       total 86016K, used 52312K [0x00000000c0000000, 0x00000000c5400000, 0x00000000eaa80000)
  object space 86016K, 60% used [0x00000000c0000000,0x00000000c3316390,0x00000000c5400000)
 PSPermGen       total 90624K, used 59265K [0x00000000b0000000, 0x00000000b5880000, 0x00000000c0000000)
  object space 90624K, 65% used [0x00000000b0000000,0x00000000b39e0778,0x00000000b5880000)
}
Event: 4938.798 GC heap before
{Heap before GC invocations=35 (full 10):
 PSYoungGen      total 245248K, used 2780K [0x00000000eaa80000, 0x00000000fbd00000, 0x0000000100000000)
  eden space 242176K, 0% used [0x00000000eaa80000,0x00000000eaa80000,0x00000000f9700000)
  from space 3072K, 90% used [0x00000000f9700000,0x00000000f99b7338,0x00000000f9a00000)
  to   space 19456K, 0% used [0x00000000faa00000,0x00000000faa00000,0x00000000fbd00000)
 ParOldGen       total 86016K, used 52312K [0x00000000c0000000, 0x00000000c5400000, 0x00000000eaa80000)
  object space 86016K, 60% used [0x00000000c0000000,0x00000000c3316390,0x00000000c5400000)
 PSPermGen       total 90624K, used 59265K [0x00000000b0000000, 0x00000000b5880000, 0x00000000c0000000)
  object space 90624K, 65% used [0x00000000b0000000,0x00000000b39e0778,0x00000000b5880000)
Event: 4940.030 GC heap after
Heap after GC invocations=35 (full 10):
 PSYoungGen      total 245248K, used 0K [0x00000000eaa80000, 0x00000000fbd00000, 0x0000000100000000)
  eden space 242176K, 0% used [0x00000000eaa80000,0x00000000eaa80000,0x00000000f9700000)
  from space 3072K, 0% used [0x00000000f9700000,0x00000000f9700000,0x00000000f9a00000)
  to   space 19456K, 0% used [0x00000000faa00000,0x00000000faa00000,0x00000000fbd00000)
 ParOldGen       total 86016K, used 53538K [0x00000000c0000000, 0x00000000c5400000, 0x00000000eaa80000)
  object space 86016K, 62% used [0x00000000c0000000,0x00000000c3448988,0x00000000c5400000)
 PSPermGen       total 87040K, used 59115K [0x00000000b0000000, 0x00000000b5500000, 0x00000000c0000000)
  object space 87040K, 67% used [0x00000000b0000000,0x00000000b39baf68,0x00000000b5500000)
}

