# JRE version: Java(TM) SE Runtime Environment (7.0_79-b15) (build 1.7.0_79-b15)
# Java VM: Java HotSpot(TM) 64-Bit Server VM (24.79-b02 mixed mode windows-amd64 compressed oops)
Heap
 PSYoungGen      total 219136K, used 73849K [0x00000000eaa80000, 0x00000000f9900000, 0x0000000100000000)
  eden space 207872K, 30% used [0x00000000eaa80000,0x00000000ee7a25c0,0x00000000f7580000)
  from space 11264K, 99% used [0x00000000f8500000,0x00000000f8ffc020,0x00000000f9000000)
  to   space 15872K, 0% used [0x00000000f7580000,0x00000000f7580000,0x00000000f8500000)
 ParOldGen       total 86016K, used 22872K [0x00000000c0000000, 0x00000000c5400000, 0x00000000eaa80000)
  object space 86016K, 26% used [0x00000000c0000000,0x00000000c16562e0,0x00000000c5400000)
 PSPermGen       total 39424K, used 39220K [0x00000000b0000000, 0x00000000b2680000, 0x00000000c0000000)
  object space 39424K, 99% used [0x00000000b0000000,0x00000000b264d1e0,0x00000000b2680000)
GC Heap History (10 events):
Event: 6.627 GC heap before
{Heap before GC invocations=6 (full 0):
 PSYoungGen      total 38400K, used 38396K [0x00000000eaa80000, 0x00000000eff80000, 0x0000000100000000)
  eden space 33280K, 100% used [0x00000000eaa80000,0x00000000ecb00000,0x00000000ecb00000)
  from space 5120K, 99% used [0x00000000ecb00000,0x00000000ecfff110,0x00000000ed000000)
  to   space 10240K, 0% used [0x00000000ef580000,0x00000000ef580000,0x00000000eff80000)
 ParOldGen       total 86016K, used 9415K [0x00000000c0000000, 0x00000000c5400000, 0x00000000eaa80000)
  object space 86016K, 10% used [0x00000000c0000000,0x00000000c0931ef8,0x00000000c5400000)
 PSPermGen       total 21504K, used 21440K [0x00000000b0000000, 0x00000000b1500000, 0x00000000c0000000)
  object space 21504K, 99% used [0x00000000b0000000,0x00000000b14f0178,0x00000000b1500000)
Event: 6.644 GC heap after
Heap after GC invocations=6 (full 0):
 PSYoungGen      total 76800K, used 5372K [0x00000000eaa80000, 0x00000000eff80000, 0x0000000100000000)
  eden space 66560K, 0% used [0x00000000eaa80000,0x00000000eaa80000,0x00000000eeb80000)
  from space 10240K, 52% used [0x00000000ef580000,0x00000000efabf110,0x00000000eff80000)
  to   space 10240K, 0% used [0x00000000eeb80000,0x00000000eeb80000,0x00000000ef580000)
 ParOldGen       total 86016K, used 9415K [0x00000000c0000000, 0x00000000c5400000, 0x00000000eaa80000)
  object space 86016K, 10% used [0x00000000c0000000,0x00000000c0931ef8,0x00000000c5400000)
 PSPermGen       total 21504K, used 21440K [0x00000000b0000000, 0x00000000b1500000, 0x00000000c0000000)
  object space 21504K, 99% used [0x00000000b0000000,0x00000000b14f0178,0x00000000b1500000)
}
Event: 7.017 GC heap before
{Heap before GC invocations=7 (full 0):
 PSYoungGen      total 76800K, used 71932K [0x00000000eaa80000, 0x00000000eff80000, 0x0000000100000000)
  eden space 66560K, 100% used [0x00000000eaa80000,0x00000000eeb80000,0x00000000eeb80000)
  from space 10240K, 52% used [0x00000000ef580000,0x00000000efabf110,0x00000000eff80000)
  to   space 10240K, 0% used [0x00000000eeb80000,0x00000000eeb80000,0x00000000ef580000)
 ParOldGen       total 86016K, used 9415K [0x00000000c0000000, 0x00000000c5400000, 0x00000000eaa80000)
  object space 86016K, 10% used [0x00000000c0000000,0x00000000c0931ef8,0x00000000c5400000)
 PSPermGen       total 21504K, used 21463K [0x00000000b0000000, 0x00000000b1500000, 0x00000000c0000000)
  object space 21504K, 99% used [0x00000000b0000000,0x00000000b14f5fb0,0x00000000b1500000)
Event: 7.032 GC heap after
Heap after GC invocations=7 (full 0):
 PSYoungGen      total 76800K, used 2580K [0x00000000eaa80000, 0x00000000f4180000, 0x0000000100000000)
  eden space 66560K, 0% used [0x00000000eaa80000,0x00000000eaa80000,0x00000000eeb80000)
  from space 10240K, 25% used [0x00000000eeb80000,0x00000000eee050d0,0x00000000ef580000)
  to   space 10752K, 0% used [0x00000000f3700000,0x00000000f3700000,0x00000000f4180000)
 ParOldGen       total 86016K, used 12682K [0x00000000c0000000, 0x00000000c5400000, 0x00000000eaa80000)
  object space 86016K, 14% used [0x00000000c0000000,0x00000000c0c62ae8,0x00000000c5400000)
 PSPermGen       total 21504K, used 21463K [0x00000000b0000000, 0x00000000b1500000, 0x00000000c0000000)
  object space 21504K, 99% used [0x00000000b0000000,0x00000000b14f5fb0,0x00000000b1500000)
}
Event: 7.336 GC heap before
{Heap before GC invocations=8 (full 0):
 PSYoungGen      total 76800K, used 69140K [0x00000000eaa80000, 0x00000000f4180000, 0x0000000100000000)
  eden space 66560K, 100% used [0x00000000eaa80000,0x00000000eeb80000,0x00000000eeb80000)
  from space 10240K, 25% used [0x00000000eeb80000,0x00000000eee050d0,0x00000000ef580000)
  to   space 10752K, 0% used [0x00000000f3700000,0x00000000f3700000,0x00000000f4180000)
 ParOldGen       total 86016K, used 12682K [0x00000000c0000000, 0x00000000c5400000, 0x00000000eaa80000)
  object space 86016K, 14% used [0x00000000c0000000,0x00000000c0c62ae8,0x00000000c5400000)
 PSPermGen       total 21504K, used 21473K [0x00000000b0000000, 0x00000000b1500000, 0x00000000c0000000)
  object space 21504K, 99% used [0x00000000b0000000,0x00000000b14f8668,0x00000000b1500000)
Event: 7.341 GC heap after
Heap after GC invocations=8 (full 0):
 PSYoungGen      total 143360K, used 1088K [0x00000000eaa80000, 0x00000000f4280000, 0x0000000100000000)
  eden space 132608K, 0% used [0x00000000eaa80000,0x00000000eaa80000,0x00000000f2c00000)
  from space 10752K, 10% used [0x00000000f3700000,0x00000000f3810000,0x00000000f4180000)
  to   space 11264K, 0% used [0x00000000f2c00000,0x00000000f2c00000,0x00000000f3700000)
 ParOldGen       total 86016K, used 14355K [0x00000000c0000000, 0x00000000c5400000, 0x00000000eaa80000)
  object space 86016K, 16% used [0x00000000c0000000,0x00000000c0e04f58,0x00000000c5400000)
 PSPermGen       total 21504K, used 21473K [0x00000000b0000000, 0x00000000b1500000, 0x00000000c0000000)
  object space 21504K, 99% used [0x00000000b0000000,0x00000000b14f8668,0x00000000b1500000)
}
Event: 8.689 GC heap before
{Heap before GC invocations=9 (full 0):
 PSYoungGen      total 143360K, used 133696K [0x00000000eaa80000, 0x00000000f4280000, 0x0000000100000000)
  eden space 132608K, 100% used [0x00000000eaa80000,0x00000000f2c00000,0x00000000f2c00000)
  from space 10752K, 10% used [0x00000000f3700000,0x00000000f3810000,0x00000000f4180000)
  to   space 11264K, 0% used [0x00000000f2c00000,0x00000000f2c00000,0x00000000f3700000)
 ParOldGen       total 86016K, used 14355K [0x00000000c0000000, 0x00000000c5400000, 0x00000000eaa80000)
  object space 86016K, 16% used [0x00000000c0000000,0x00000000c0e04f58,0x00000000c5400000)
 PSPermGen       total 24064K, used 23784K [0x00000000b0000000, 0x00000000b1780000, 0x00000000c0000000)
  object space 24064K, 98% used [0x00000000b0000000,0x00000000b173a228,0x00000000b1780000)
Event: 8.702 GC heap after
Heap after GC invocations=9 (full 0):
 PSYoungGen      total 143872K, used 7207K [0x00000000eaa80000, 0x00000000f9000000, 0x0000000100000000)
  eden space 132608K, 0% used [0x00000000eaa80000,0x00000000eaa80000,0x00000000f2c00000)
  from space 11264K, 63% used [0x00000000f2c00000,0x00000000f3309cf0,0x00000000f3700000)
  to   space 11264K, 0% used [0x00000000f8500000,0x00000000f8500000,0x00000000f9000000)
 ParOldGen       total 86016K, used 14691K [0x00000000c0000000, 0x00000000c5400000, 0x00000000eaa80000)
  object space 86016K, 17% used [0x00000000c0000000,0x00000000c0e58f58,0x00000000c5400000)
 PSPermGen       total 24064K, used 23784K [0x00000000b0000000, 0x00000000b1780000, 0x00000000c0000000)
  object space 24064K, 98% used [0x00000000b0000000,0x00000000b173a228,0x00000000b1780000)
}
Event: 12.152 GC heap before
{Heap before GC invocations=10 (full 0):
 PSYoungGen      total 143872K, used 139815K [0x00000000eaa80000, 0x00000000f9000000, 0x0000000100000000)
  eden space 132608K, 100% used [0x00000000eaa80000,0x00000000f2c00000,0x00000000f2c00000)
  from space 11264K, 63% used [0x00000000f2c00000,0x00000000f3309cf0,0x00000000f3700000)
  to   space 11264K, 0% used [0x00000000f8500000,0x00000000f8500000,0x00000000f9000000)
 ParOldGen       total 86016K, used 14691K [0x00000000c0000000, 0x00000000c5400000, 0x00000000eaa80000)
  object space 86016K, 17% used [0x00000000c0000000,0x00000000c0e58f58,0x00000000c5400000)
 PSPermGen       total 33280K, used 33036K [0x00000000b0000000, 0x00000000b2080000, 0x00000000c0000000)
  object space 33280K, 99% used [0x00000000b0000000,0x00000000b2043288,0x00000000b2080000)
Event: 12.206 GC heap after
Heap after GC invocations=10 (full 0):
 PSYoungGen      total 219136K, used 11248K [0x00000000eaa80000, 0x00000000f9900000, 0x0000000100000000)
  eden space 207872K, 0% used [0x00000000eaa80000,0x00000000eaa80000,0x00000000f7580000)
  from space 11264K, 99% used [0x00000000f8500000,0x00000000f8ffc020,0x00000000f9000000)
  to   space 15872K, 0% used [0x00000000f7580000,0x00000000f7580000,0x00000000f8500000)
 ParOldGen       total 86016K, used 22872K [0x00000000c0000000, 0x00000000c5400000, 0x00000000eaa80000)
  object space 86016K, 26% used [0x00000000c0000000,0x00000000c16562e0,0x00000000c5400000)
 PSPermGen       total 33280K, used 33036K [0x00000000b0000000, 0x00000000b2080000, 0x00000000c0000000)
  object space 33280K, 99% used [0x00000000b0000000,0x00000000b2043288,0x00000000b2080000)
}

