# JRE version: Java(TM) SE Runtime Environment (7.0_79-b15) (build 1.7.0_79-b15)
# Java VM: Java HotSpot(TM) 64-Bit Server VM (24.79-b02 mixed mode windows-amd64 compressed oops)
Heap
 PSYoungGen      total 315392K, used 126859K [0x00000000eaa80000, 0x00000000ffc00000, 0x0000000100000000)
  eden space 288256K, 44% used [0x00000000eaa80000,0x00000000f2662d78,0x00000000fc400000)
  from space 27136K, 0% used [0x00000000fe180000,0x00000000fe180000,0x00000000ffc00000)
  to   space 28672K, 0% used [0x00000000fc400000,0x00000000fc400000,0x00000000fe000000)
 ParOldGen       total 86016K, used 50790K [0x00000000c0000000, 0x00000000c5400000, 0x00000000eaa80000)
  object space 86016K, 59% used [0x00000000c0000000,0x00000000c3199a08,0x00000000c5400000)
 PSPermGen       total 97280K, used 51209K [0x00000000b0000000, 0x00000000b5f00000, 0x00000000c0000000)
  object space 97280K, 52% used [0x00000000b0000000,0x00000000b3202670,0x00000000b5f00000)
GC Heap History (10 events):
Event: 549.490 GC heap before
{Heap before GC invocations=14 (full 3):
 PSYoungGen      total 267264K, used 6747K [0x00000000eaa80000, 0x00000000fe480000, 0x0000000100000000)
  eden space 260096K, 0% used [0x00000000eaa80000,0x00000000eaa80000,0x00000000fa880000)
  from space 7168K, 94% used [0x00000000fa880000,0x00000000faf16da0,0x00000000faf80000)
  to   space 30720K, 0% used [0x00000000fc680000,0x00000000fc680000,0x00000000fe480000)
 ParOldGen       total 86016K, used 38269K [0x00000000c0000000, 0x00000000c5400000, 0x00000000eaa80000)
  object space 86016K, 44% used [0x00000000c0000000,0x00000000c255f5b8,0x00000000c5400000)
 PSPermGen       total 100864K, used 47659K [0x00000000b0000000, 0x00000000b6280000, 0x00000000c0000000)
  object space 100864K, 47% used [0x00000000b0000000,0x00000000b2e8aec8,0x00000000b6280000)
Event: 549.949 GC heap after
Heap after GC invocations=14 (full 3):
 PSYoungGen      total 267264K, used 0K [0x00000000eaa80000, 0x00000000fe480000, 0x0000000100000000)
  eden space 260096K, 0% used [0x00000000eaa80000,0x00000000eaa80000,0x00000000fa880000)
  from space 7168K, 0% used [0x00000000fa880000,0x00000000fa880000,0x00000000faf80000)
  to   space 30720K, 0% used [0x00000000fc680000,0x00000000fc680000,0x00000000fe480000)
 ParOldGen       total 86016K, used 41720K [0x00000000c0000000, 0x00000000c5400000, 0x00000000eaa80000)
  object space 86016K, 48% used [0x00000000c0000000,0x00000000c28be360,0x00000000c5400000)
 PSPermGen       total 99328K, used 47624K [0x00000000b0000000, 0x00000000b6100000, 0x00000000c0000000)
  object space 99328K, 47% used [0x00000000b0000000,0x00000000b2e82060,0x00000000b6100000)
}
Event: 821.459 GC heap before
{Heap before GC invocations=15 (full 3):
 PSYoungGen      total 267264K, used 260096K [0x00000000eaa80000, 0x00000000fe480000, 0x0000000100000000)
  eden space 260096K, 100% used [0x00000000eaa80000,0x00000000fa880000,0x00000000fa880000)
  from space 7168K, 0% used [0x00000000fa880000,0x00000000fa880000,0x00000000faf80000)
  to   space 30720K, 0% used [0x00000000fc680000,0x00000000fc680000,0x00000000fe480000)
 ParOldGen       total 86016K, used 41720K [0x00000000c0000000, 0x00000000c5400000, 0x00000000eaa80000)
  object space 86016K, 48% used [0x00000000c0000000,0x00000000c28be360,0x00000000c5400000)
 PSPermGen       total 99328K, used 48256K [0x00000000b0000000, 0x00000000b6100000, 0x00000000c0000000)
  object space 99328K, 48% used [0x00000000b0000000,0x00000000b2f20000,0x00000000b6100000)
Event: 821.473 GC heap after
Heap after GC invocations=15 (full 3):
 PSYoungGen      total 290816K, used 3427K [0x00000000eaa80000, 0x0000000100000000, 0x0000000100000000)
  eden space 260096K, 0% used [0x00000000eaa80000,0x00000000eaa80000,0x00000000fa880000)
  from space 30720K, 11% used [0x00000000fc680000,0x00000000fc9d8cd0,0x00000000fe480000)
  to   space 30720K, 0% used [0x00000000fa880000,0x00000000fa880000,0x00000000fc680000)
 ParOldGen       total 86016K, used 41720K [0x00000000c0000000, 0x00000000c5400000, 0x00000000eaa80000)
  object space 86016K, 48% used [0x00000000c0000000,0x00000000c28be360,0x00000000c5400000)
 PSPermGen       total 99328K, used 48256K [0x00000000b0000000, 0x00000000b6100000, 0x00000000c0000000)
  object space 99328K, 48% used [0x00000000b0000000,0x00000000b2f20000,0x00000000b6100000)
}
Event: 822.741 GC heap before
{Heap before GC invocations=16 (full 3):
 PSYoungGen      total 290816K, used 263523K [0x00000000eaa80000, 0x0000000100000000, 0x0000000100000000)
  eden space 260096K, 100% used [0x00000000eaa80000,0x00000000fa880000,0x00000000fa880000)
  from space 30720K, 11% used [0x00000000fc680000,0x00000000fc9d8cd0,0x00000000fe480000)
  to   space 30720K, 0% used [0x00000000fa880000,0x00000000fa880000,0x00000000fc680000)
 ParOldGen       total 86016K, used 41720K [0x00000000c0000000, 0x00000000c5400000, 0x00000000eaa80000)
  object space 86016K, 48% used [0x00000000c0000000,0x00000000c28be360,0x00000000c5400000)
 PSPermGen       total 99328K, used 48371K [0x00000000b0000000, 0x00000000b6100000, 0x00000000c0000000)
  object space 99328K, 48% used [0x00000000b0000000,0x00000000b2f3cd10,0x00000000b6100000)
Event: 822.749 GC heap after
Heap after GC invocations=16 (full 3):
 PSYoungGen      total 290816K, used 2192K [0x00000000eaa80000, 0x00000000fff00000, 0x0000000100000000)
  eden space 260096K, 0% used [0x00000000eaa80000,0x00000000eaa80000,0x00000000fa880000)
  from space 30720K, 7% used [0x00000000fa880000,0x00000000faaa4010,0x00000000fc680000)
  to   space 30208K, 0% used [0x00000000fe180000,0x00000000fe180000,0x00000000fff00000)
 ParOldGen       total 86016K, used 44345K [0x00000000c0000000, 0x00000000c5400000, 0x00000000eaa80000)
  object space 86016K, 51% used [0x00000000c0000000,0x00000000c2b4e4c8,0x00000000c5400000)
 PSPermGen       total 99328K, used 48371K [0x00000000b0000000, 0x00000000b6100000, 0x00000000c0000000)
  object space 99328K, 48% used [0x00000000b0000000,0x00000000b2f3cd10,0x00000000b6100000)
}
Event: 829.354 GC heap before
{Heap before GC invocations=17 (full 3):
 PSYoungGen      total 290816K, used 109100K [0x00000000eaa80000, 0x00000000fff00000, 0x0000000100000000)
  eden space 260096K, 41% used [0x00000000eaa80000,0x00000000f12e73e8,0x00000000fa880000)
  from space 30720K, 7% used [0x00000000fa880000,0x00000000faaa4010,0x00000000fc680000)
  to   space 30208K, 0% used [0x00000000fe180000,0x00000000fe180000,0x00000000fff00000)
 ParOldGen       total 86016K, used 44345K [0x00000000c0000000, 0x00000000c5400000, 0x00000000eaa80000)
  object space 86016K, 51% used [0x00000000c0000000,0x00000000c2b4e4c8,0x00000000c5400000)
 PSPermGen       total 99328K, used 51021K [0x00000000b0000000, 0x00000000b6100000, 0x00000000c0000000)
  object space 99328K, 51% used [0x00000000b0000000,0x00000000b31d3620,0x00000000b6100000)
Event: 829.370 GC heap after
Heap after GC invocations=17 (full 3):
 PSYoungGen      total 315392K, used 9961K [0x00000000eaa80000, 0x00000000ffc00000, 0x0000000100000000)
  eden space 288256K, 0% used [0x00000000eaa80000,0x00000000eaa80000,0x00000000fc400000)
  from space 27136K, 36% used [0x00000000fe180000,0x00000000feb3a660,0x00000000ffc00000)
  to   space 28672K, 0% used [0x00000000fc400000,0x00000000fc400000,0x00000000fe000000)
 ParOldGen       total 86016K, used 46113K [0x00000000c0000000, 0x00000000c5400000, 0x00000000eaa80000)
  object space 86016K, 53% used [0x00000000c0000000,0x00000000c2d085e8,0x00000000c5400000)
 PSPermGen       total 99328K, used 51021K [0x00000000b0000000, 0x00000000b6100000, 0x00000000c0000000)
  object space 99328K, 51% used [0x00000000b0000000,0x00000000b31d3620,0x00000000b6100000)
}
Event: 829.370 GC heap before
{Heap before GC invocations=18 (full 4):
 PSYoungGen      total 315392K, used 9961K [0x00000000eaa80000, 0x00000000ffc00000, 0x0000000100000000)
  eden space 288256K, 0% used [0x00000000eaa80000,0x00000000eaa80000,0x00000000fc400000)
  from space 27136K, 36% used [0x00000000fe180000,0x00000000feb3a660,0x00000000ffc00000)
  to   space 28672K, 0% used [0x00000000fc400000,0x00000000fc400000,0x00000000fe000000)
 ParOldGen       total 86016K, used 46113K [0x00000000c0000000, 0x00000000c5400000, 0x00000000eaa80000)
  object space 86016K, 53% used [0x00000000c0000000,0x00000000c2d085e8,0x00000000c5400000)
 PSPermGen       total 99328K, used 51021K [0x00000000b0000000, 0x00000000b6100000, 0x00000000c0000000)
  object space 99328K, 51% used [0x00000000b0000000,0x00000000b31d3620,0x00000000b6100000)
Event: 830.065 GC heap after
Heap after GC invocations=18 (full 4):
 PSYoungGen      total 315392K, used 0K [0x00000000eaa80000, 0x00000000ffc00000, 0x0000000100000000)
  eden space 288256K, 0% used [0x00000000eaa80000,0x00000000eaa80000,0x00000000fc400000)
  from space 27136K, 0% used [0x00000000fe180000,0x00000000fe180000,0x00000000ffc00000)
  to   space 28672K, 0% used [0x00000000fc400000,0x00000000fc400000,0x00000000fe000000)
 ParOldGen       total 86016K, used 50790K [0x00000000c0000000, 0x00000000c5400000, 0x00000000eaa80000)
  object space 86016K, 59% used [0x00000000c0000000,0x00000000c3199a08,0x00000000c5400000)
 PSPermGen       total 97280K, used 50904K [0x00000000b0000000, 0x00000000b5f00000, 0x00000000c0000000)
  object space 97280K, 52% used [0x00000000b0000000,0x00000000b31b6230,0x00000000b5f00000)
}

