# JRE version: Java(TM) SE Runtime Environment (7.0_79-b15) (build 1.7.0_79-b15)
# Java VM: Java HotSpot(TM) 64-Bit Server VM (24.79-b02 mixed mode windows-amd64 compressed oops)
Heap
 PSYoungGen      total 320512K, used 95670K [0x00000000eaa80000, 0x0000000100000000, 0x0000000100000000)
  eden space 294400K, 32% used [0x00000000eaa80000,0x00000000f07ed8f8,0x00000000fca00000)
  from space 26112K, 0% used [0x00000000fe680000,0x00000000fe680000,0x0000000100000000)
  to   space 27648K, 0% used [0x00000000fca00000,0x00000000fca00000,0x00000000fe500000)
 ParOldGen       total 86016K, used 54210K [0x00000000c0000000, 0x00000000c5400000, 0x00000000eaa80000)
  object space 86016K, 63% used [0x00000000c0000000,0x00000000c34f0a40,0x00000000c5400000)
 PSPermGen       total 86528K, used 45125K [0x00000000b0000000, 0x00000000b5480000, 0x00000000c0000000)
  object space 86528K, 52% used [0x00000000b0000000,0x00000000b2c114f0,0x00000000b5480000)
GC Heap History (10 events):
Event: 14.963 GC heap before
{Heap before GC invocations=7 (full 0):
 PSYoungGen      total 143872K, used 138816K [0x00000000eaa80000, 0x00000000f4180000, 0x0000000100000000)
  eden space 133120K, 100% used [0x00000000eaa80000,0x00000000f2c80000,0x00000000f2c80000)
  from space 10752K, 52% used [0x00000000f3700000,0x00000000f3c90110,0x00000000f4180000)
  to   space 10752K, 0% used [0x00000000f2c80000,0x00000000f2c80000,0x00000000f3700000)
 ParOldGen       total 86016K, used 9858K [0x00000000c0000000, 0x00000000c5400000, 0x00000000eaa80000)
  object space 86016K, 11% used [0x00000000c0000000,0x00000000c09a0b40,0x00000000c5400000)
 PSPermGen       total 21504K, used 21484K [0x00000000b0000000, 0x00000000b1500000, 0x00000000c0000000)
  object space 21504K, 99% used [0x00000000b0000000,0x00000000b14fb3c8,0x00000000b1500000)
Event: 14.981 GC heap after
Heap after GC invocations=7 (full 0):
 PSYoungGen      total 143872K, used 3220K [0x00000000eaa80000, 0x00000000fc380000, 0x0000000100000000)
  eden space 133120K, 0% used [0x00000000eaa80000,0x00000000eaa80000,0x00000000f2c80000)
  from space 10752K, 29% used [0x00000000f2c80000,0x00000000f2fa50e0,0x00000000f3700000)
  to   space 10752K, 0% used [0x00000000fb900000,0x00000000fb900000,0x00000000fc380000)
 ParOldGen       total 86016K, used 12900K [0x00000000c0000000, 0x00000000c5400000, 0x00000000eaa80000)
  object space 86016K, 14% used [0x00000000c0000000,0x00000000c0c99108,0x00000000c5400000)
 PSPermGen       total 21504K, used 21484K [0x00000000b0000000, 0x00000000b1500000, 0x00000000c0000000)
  object space 21504K, 99% used [0x00000000b0000000,0x00000000b14fb3c8,0x00000000b1500000)
}
Event: 18.626 GC heap before
{Heap before GC invocations=8 (full 0):
 PSYoungGen      total 143872K, used 136340K [0x00000000eaa80000, 0x00000000fc380000, 0x0000000100000000)
  eden space 133120K, 100% used [0x00000000eaa80000,0x00000000f2c80000,0x00000000f2c80000)
  from space 10752K, 29% used [0x00000000f2c80000,0x00000000f2fa50e0,0x00000000f3700000)
  to   space 10752K, 0% used [0x00000000fb900000,0x00000000fb900000,0x00000000fc380000)
 ParOldGen       total 86016K, used 12900K [0x00000000c0000000, 0x00000000c5400000, 0x00000000eaa80000)
  object space 86016K, 14% used [0x00000000c0000000,0x00000000c0c99108,0x00000000c5400000)
 PSPermGen       total 28672K, used 28431K [0x00000000b0000000, 0x00000000b1c00000, 0x00000000c0000000)
  object space 28672K, 99% used [0x00000000b0000000,0x00000000b1bc3ec8,0x00000000b1c00000)
Event: 18.670 GC heap after
Heap after GC invocations=8 (full 0):
 PSYoungGen      total 273920K, used 10733K [0x00000000eaa80000, 0x00000000fc980000, 0x0000000100000000)
  eden space 263168K, 0% used [0x00000000eaa80000,0x00000000eaa80000,0x00000000fab80000)
  from space 10752K, 99% used [0x00000000fb900000,0x00000000fc37b478,0x00000000fc380000)
  to   space 13824K, 0% used [0x00000000fab80000,0x00000000fab80000,0x00000000fb900000)
 ParOldGen       total 86016K, used 16195K [0x00000000c0000000, 0x00000000c5400000, 0x00000000eaa80000)
  object space 86016K, 18% used [0x00000000c0000000,0x00000000c0fd0df0,0x00000000c5400000)
 PSPermGen       total 28672K, used 28431K [0x00000000b0000000, 0x00000000b1c00000, 0x00000000c0000000)
  object space 28672K, 99% used [0x00000000b0000000,0x00000000b1bc3ec8,0x00000000b1c00000)
}
Event: 34.748 GC heap before
{Heap before GC invocations=9 (full 0):
 PSYoungGen      total 273920K, used 273901K [0x00000000eaa80000, 0x00000000fc980000, 0x0000000100000000)
  eden space 263168K, 100% used [0x00000000eaa80000,0x00000000fab80000,0x00000000fab80000)
  from space 10752K, 99% used [0x00000000fb900000,0x00000000fc37b478,0x00000000fc380000)
  to   space 13824K, 0% used [0x00000000fab80000,0x00000000fab80000,0x00000000fb900000)
 ParOldGen       total 86016K, used 16195K [0x00000000c0000000, 0x00000000c5400000, 0x00000000eaa80000)
  object space 86016K, 18% used [0x00000000c0000000,0x00000000c0fd0df0,0x00000000c5400000)
 PSPermGen       total 40960K, used 40795K [0x00000000b0000000, 0x00000000b2800000, 0x00000000c0000000)
  object space 40960K, 99% used [0x00000000b0000000,0x00000000b27d6f50,0x00000000b2800000)
Event: 34.962 GC heap after
Heap after GC invocations=9 (full 0):
 PSYoungGen      total 276992K, used 13792K [0x00000000eaa80000, 0x0000000100000000, 0x0000000100000000)
  eden space 263168K, 0% used [0x00000000eaa80000,0x00000000eaa80000,0x00000000fab80000)
  from space 13824K, 99% used [0x00000000fab80000,0x00000000fb8f8010,0x00000000fb900000)
  to   space 26112K, 0% used [0x00000000fe680000,0x00000000fe680000,0x0000000100000000)
 ParOldGen       total 86016K, used 42349K [0x00000000c0000000, 0x00000000c5400000, 0x00000000eaa80000)
  object space 86016K, 49% used [0x00000000c0000000,0x00000000c295b5f8,0x00000000c5400000)
 PSPermGen       total 40960K, used 40795K [0x00000000b0000000, 0x00000000b2800000, 0x00000000c0000000)
  object space 40960K, 99% used [0x00000000b0000000,0x00000000b27d6f50,0x00000000b2800000)
}
Event: 38.864 GC heap before
{Heap before GC invocations=10 (full 0):
 PSYoungGen      total 276992K, used 84941K [0x00000000eaa80000, 0x0000000100000000, 0x0000000100000000)
  eden space 263168K, 27% used [0x00000000eaa80000,0x00000000eeffb730,0x00000000fab80000)
  from space 13824K, 99% used [0x00000000fab80000,0x00000000fb8f8010,0x00000000fb900000)
  to   space 26112K, 0% used [0x00000000fe680000,0x00000000fe680000,0x0000000100000000)
 ParOldGen       total 86016K, used 42349K [0x00000000c0000000, 0x00000000c5400000, 0x00000000eaa80000)
  object space 86016K, 49% used [0x00000000c0000000,0x00000000c295b5f8,0x00000000c5400000)
 PSPermGen       total 43520K, used 43134K [0x00000000b0000000, 0x00000000b2a80000, 0x00000000c0000000)
  object space 43520K, 99% used [0x00000000b0000000,0x00000000b2a1fb88,0x00000000b2a80000)
Event: 38.925 GC heap after
Heap after GC invocations=10 (full 0):
 PSYoungGen      total 320512K, used 18561K [0x00000000eaa80000, 0x0000000100000000, 0x0000000100000000)
  eden space 294400K, 0% used [0x00000000eaa80000,0x00000000eaa80000,0x00000000fca00000)
  from space 26112K, 71% used [0x00000000fe680000,0x00000000ff8a0690,0x0000000100000000)
  to   space 27648K, 0% used [0x00000000fca00000,0x00000000fca00000,0x00000000fe500000)
 ParOldGen       total 86016K, used 44905K [0x00000000c0000000, 0x00000000c5400000, 0x00000000eaa80000)
  object space 86016K, 52% used [0x00000000c0000000,0x00000000c2bda500,0x00000000c5400000)
 PSPermGen       total 43520K, used 43134K [0x00000000b0000000, 0x00000000b2a80000, 0x00000000c0000000)
  object space 43520K, 99% used [0x00000000b0000000,0x00000000b2a1fb88,0x00000000b2a80000)
}
Event: 38.925 GC heap before
{Heap before GC invocations=11 (full 1):
 PSYoungGen      total 320512K, used 18561K [0x00000000eaa80000, 0x0000000100000000, 0x0000000100000000)
  eden space 294400K, 0% used [0x00000000eaa80000,0x00000000eaa80000,0x00000000fca00000)
  from space 26112K, 71% used [0x00000000fe680000,0x00000000ff8a0690,0x0000000100000000)
  to   space 27648K, 0% used [0x00000000fca00000,0x00000000fca00000,0x00000000fe500000)
 ParOldGen       total 86016K, used 44905K [0x00000000c0000000, 0x00000000c5400000, 0x00000000eaa80000)
  object space 86016K, 52% used [0x00000000c0000000,0x00000000c2bda500,0x00000000c5400000)
 PSPermGen       total 43520K, used 43134K [0x00000000b0000000, 0x00000000b2a80000, 0x00000000c0000000)
  object space 43520K, 99% used [0x00000000b0000000,0x00000000b2a1fb88,0x00000000b2a80000)
Event: 39.952 GC heap after
Heap after GC invocations=11 (full 1):
 PSYoungGen      total 320512K, used 0K [0x00000000eaa80000, 0x0000000100000000, 0x0000000100000000)
  eden space 294400K, 0% used [0x00000000eaa80000,0x00000000eaa80000,0x00000000fca00000)
  from space 26112K, 0% used [0x00000000fe680000,0x00000000fe680000,0x0000000100000000)
  to   space 27648K, 0% used [0x00000000fca00000,0x00000000fca00000,0x00000000fe500000)
 ParOldGen       total 86016K, used 54210K [0x00000000c0000000, 0x00000000c5400000, 0x00000000eaa80000)
  object space 86016K, 63% used [0x00000000c0000000,0x00000000c34f0a40,0x00000000c5400000)
 PSPermGen       total 86528K, used 43074K [0x00000000b0000000, 0x00000000b5480000, 0x00000000c0000000)
  object space 86528K, 49% used [0x00000000b0000000,0x00000000b2a10b80,0x00000000b5480000)
}

