# JRE version: Java(TM) SE Runtime Environment (7.0_79-b15) (build 1.7.0_79-b15)
# Java VM: Java HotSpot(TM) 64-Bit Server VM (24.79-b02 mixed mode windows-amd64 compressed oops)
Heap
 PSYoungGen      total 219136K, used 73798K [0x00000000eaa80000, 0x00000000f9900000, 0x0000000100000000)
  eden space 207872K, 30% used [0x00000000eaa80000,0x00000000ee798930,0x00000000f7580000)
  from space 11264K, 99% used [0x00000000f8500000,0x00000000f8ff9040,0x00000000f9000000)
  to   space 15872K, 0% used [0x00000000f7580000,0x00000000f7580000,0x00000000f8500000)
 ParOldGen       total 86016K, used 22895K [0x00000000c0000000, 0x00000000c5400000, 0x00000000eaa80000)
  object space 86016K, 26% used [0x00000000c0000000,0x00000000c165bd10,0x00000000c5400000)
 PSPermGen       total 39424K, used 39217K [0x00000000b0000000, 0x00000000b2680000, 0x00000000c0000000)
  object space 39424K, 99% used [0x00000000b0000000,0x00000000b264c6a0,0x00000000b2680000)
GC Heap History (10 events):
Event: 8.692 GC heap before
{Heap before GC invocations=6 (full 0):
 PSYoungGen      total 38400K, used 38396K [0x00000000eaa80000, 0x00000000eff80000, 0x0000000100000000)
  eden space 33280K, 100% used [0x00000000eaa80000,0x00000000ecb00000,0x00000000ecb00000)
  from space 5120K, 99% used [0x00000000ecb00000,0x00000000ecfff110,0x00000000ed000000)
  to   space 10240K, 0% used [0x00000000ef580000,0x00000000ef580000,0x00000000eff80000)
 ParOldGen       total 86016K, used 9369K [0x00000000c0000000, 0x00000000c5400000, 0x00000000eaa80000)
  object space 86016K, 10% used [0x00000000c0000000,0x00000000c0926520,0x00000000c5400000)
 PSPermGen       total 21504K, used 21436K [0x00000000b0000000, 0x00000000b1500000, 0x00000000c0000000)
  object space 21504K, 99% used [0x00000000b0000000,0x00000000b14ef038,0x00000000b1500000)
Event: 8.702 GC heap after
Heap after GC invocations=6 (full 0):
 PSYoungGen      total 76800K, used 5376K [0x00000000eaa80000, 0x00000000eff80000, 0x0000000100000000)
  eden space 66560K, 0% used [0x00000000eaa80000,0x00000000eaa80000,0x00000000eeb80000)
  from space 10240K, 52% used [0x00000000ef580000,0x00000000efac0110,0x00000000eff80000)
  to   space 10240K, 0% used [0x00000000eeb80000,0x00000000eeb80000,0x00000000ef580000)
 ParOldGen       total 86016K, used 9369K [0x00000000c0000000, 0x00000000c5400000, 0x00000000eaa80000)
  object space 86016K, 10% used [0x00000000c0000000,0x00000000c0926520,0x00000000c5400000)
 PSPermGen       total 21504K, used 21436K [0x00000000b0000000, 0x00000000b1500000, 0x00000000c0000000)
  object space 21504K, 99% used [0x00000000b0000000,0x00000000b14ef038,0x00000000b1500000)
}
Event: 9.020 GC heap before
{Heap before GC invocations=7 (full 0):
 PSYoungGen      total 76800K, used 71936K [0x00000000eaa80000, 0x00000000eff80000, 0x0000000100000000)
  eden space 66560K, 100% used [0x00000000eaa80000,0x00000000eeb80000,0x00000000eeb80000)
  from space 10240K, 52% used [0x00000000ef580000,0x00000000efac0110,0x00000000eff80000)
  to   space 10240K, 0% used [0x00000000eeb80000,0x00000000eeb80000,0x00000000ef580000)
 ParOldGen       total 86016K, used 9369K [0x00000000c0000000, 0x00000000c5400000, 0x00000000eaa80000)
  object space 86016K, 10% used [0x00000000c0000000,0x00000000c0926520,0x00000000c5400000)
 PSPermGen       total 21504K, used 21460K [0x00000000b0000000, 0x00000000b1500000, 0x00000000c0000000)
  object space 21504K, 99% used [0x00000000b0000000,0x00000000b14f5050,0x00000000b1500000)
Event: 9.032 GC heap after
Heap after GC invocations=7 (full 0):
 PSYoungGen      total 76800K, used 2744K [0x00000000eaa80000, 0x00000000f4180000, 0x0000000100000000)
  eden space 66560K, 0% used [0x00000000eaa80000,0x00000000eaa80000,0x00000000eeb80000)
  from space 10240K, 26% used [0x00000000eeb80000,0x00000000eee2e0f0,0x00000000ef580000)
  to   space 10752K, 0% used [0x00000000f3700000,0x00000000f3700000,0x00000000f4180000)
 ParOldGen       total 86016K, used 12449K [0x00000000c0000000, 0x00000000c5400000, 0x00000000eaa80000)
  object space 86016K, 14% used [0x00000000c0000000,0x00000000c0c286f8,0x00000000c5400000)
 PSPermGen       total 21504K, used 21460K [0x00000000b0000000, 0x00000000b1500000, 0x00000000c0000000)
  object space 21504K, 99% used [0x00000000b0000000,0x00000000b14f5050,0x00000000b1500000)
}
Event: 9.395 GC heap before
{Heap before GC invocations=8 (full 0):
 PSYoungGen      total 76800K, used 69304K [0x00000000eaa80000, 0x00000000f4180000, 0x0000000100000000)
  eden space 66560K, 100% used [0x00000000eaa80000,0x00000000eeb80000,0x00000000eeb80000)
  from space 10240K, 26% used [0x00000000eeb80000,0x00000000eee2e0f0,0x00000000ef580000)
  to   space 10752K, 0% used [0x00000000f3700000,0x00000000f3700000,0x00000000f4180000)
 ParOldGen       total 86016K, used 12449K [0x00000000c0000000, 0x00000000c5400000, 0x00000000eaa80000)
  object space 86016K, 14% used [0x00000000c0000000,0x00000000c0c286f8,0x00000000c5400000)
 PSPermGen       total 21504K, used 21469K [0x00000000b0000000, 0x00000000b1500000, 0x00000000c0000000)
  object space 21504K, 99% used [0x00000000b0000000,0x00000000b14f7588,0x00000000b1500000)
Event: 9.400 GC heap after
Heap after GC invocations=8 (full 0):
 PSYoungGen      total 143360K, used 1056K [0x00000000eaa80000, 0x00000000f4280000, 0x0000000100000000)
  eden space 132608K, 0% used [0x00000000eaa80000,0x00000000eaa80000,0x00000000f2c00000)
  from space 10752K, 9% used [0x00000000f3700000,0x00000000f3808000,0x00000000f4180000)
  to   space 11264K, 0% used [0x00000000f2c00000,0x00000000f2c00000,0x00000000f3700000)
 ParOldGen       total 86016K, used 14372K [0x00000000c0000000, 0x00000000c5400000, 0x00000000eaa80000)
  object space 86016K, 16% used [0x00000000c0000000,0x00000000c0e09308,0x00000000c5400000)
 PSPermGen       total 21504K, used 21469K [0x00000000b0000000, 0x00000000b1500000, 0x00000000c0000000)
  object space 21504K, 99% used [0x00000000b0000000,0x00000000b14f7588,0x00000000b1500000)
}
Event: 10.505 GC heap before
{Heap before GC invocations=9 (full 0):
 PSYoungGen      total 143360K, used 133664K [0x00000000eaa80000, 0x00000000f4280000, 0x0000000100000000)
  eden space 132608K, 100% used [0x00000000eaa80000,0x00000000f2c00000,0x00000000f2c00000)
  from space 10752K, 9% used [0x00000000f3700000,0x00000000f3808000,0x00000000f4180000)
  to   space 11264K, 0% used [0x00000000f2c00000,0x00000000f2c00000,0x00000000f3700000)
 ParOldGen       total 86016K, used 14372K [0x00000000c0000000, 0x00000000c5400000, 0x00000000eaa80000)
  object space 86016K, 16% used [0x00000000c0000000,0x00000000c0e09308,0x00000000c5400000)
 PSPermGen       total 24064K, used 23784K [0x00000000b0000000, 0x00000000b1780000, 0x00000000c0000000)
  object space 24064K, 98% used [0x00000000b0000000,0x00000000b173a178,0x00000000b1780000)
Event: 10.515 GC heap after
Heap after GC invocations=9 (full 0):
 PSYoungGen      total 143872K, used 7149K [0x00000000eaa80000, 0x00000000f9000000, 0x0000000100000000)
  eden space 132608K, 0% used [0x00000000eaa80000,0x00000000eaa80000,0x00000000f2c00000)
  from space 11264K, 63% used [0x00000000f2c00000,0x00000000f32fb478,0x00000000f3700000)
  to   space 11264K, 0% used [0x00000000f8500000,0x00000000f8500000,0x00000000f9000000)
 ParOldGen       total 86016K, used 14684K [0x00000000c0000000, 0x00000000c5400000, 0x00000000eaa80000)
  object space 86016K, 17% used [0x00000000c0000000,0x00000000c0e57308,0x00000000c5400000)
 PSPermGen       total 24064K, used 23784K [0x00000000b0000000, 0x00000000b1780000, 0x00000000c0000000)
  object space 24064K, 98% used [0x00000000b0000000,0x00000000b173a178,0x00000000b1780000)
}
Event: 12.883 GC heap before
{Heap before GC invocations=10 (full 0):
 PSYoungGen      total 143872K, used 139757K [0x00000000eaa80000, 0x00000000f9000000, 0x0000000100000000)
  eden space 132608K, 100% used [0x00000000eaa80000,0x00000000f2c00000,0x00000000f2c00000)
  from space 11264K, 63% used [0x00000000f2c00000,0x00000000f32fb478,0x00000000f3700000)
  to   space 11264K, 0% used [0x00000000f8500000,0x00000000f8500000,0x00000000f9000000)
 ParOldGen       total 86016K, used 14684K [0x00000000c0000000, 0x00000000c5400000, 0x00000000eaa80000)
  object space 86016K, 17% used [0x00000000c0000000,0x00000000c0e57308,0x00000000c5400000)
 PSPermGen       total 33280K, used 33035K [0x00000000b0000000, 0x00000000b2080000, 0x00000000c0000000)
  object space 33280K, 99% used [0x00000000b0000000,0x00000000b2042ec0,0x00000000b2080000)
Event: 12.912 GC heap after
Heap after GC invocations=10 (full 0):
 PSYoungGen      total 219136K, used 11236K [0x00000000eaa80000, 0x00000000f9900000, 0x0000000100000000)
  eden space 207872K, 0% used [0x00000000eaa80000,0x00000000eaa80000,0x00000000f7580000)
  from space 11264K, 99% used [0x00000000f8500000,0x00000000f8ff9040,0x00000000f9000000)
  to   space 15872K, 0% used [0x00000000f7580000,0x00000000f7580000,0x00000000f8500000)
 ParOldGen       total 86016K, used 22895K [0x00000000c0000000, 0x00000000c5400000, 0x00000000eaa80000)
  object space 86016K, 26% used [0x00000000c0000000,0x00000000c165bd10,0x00000000c5400000)
 PSPermGen       total 33280K, used 33035K [0x00000000b0000000, 0x00000000b2080000, 0x00000000c0000000)
  object space 33280K, 99% used [0x00000000b0000000,0x00000000b2042ec0,0x00000000b2080000)
}

