# JRE version: Java(TM) SE Runtime Environment (7.0_79-b15) (build 1.7.0_79-b15)
# Java VM: Java HotSpot(TM) 64-Bit Server VM (24.79-b02 mixed mode windows-amd64 compressed oops)
Heap
 PSYoungGen      total 328704K, used 215488K [0x00000000eaa80000, 0x0000000100000000, 0x0000000100000000)
  eden space 307712K, 70% used [0x00000000eaa80000,0x00000000f7cf0168,0x00000000fd700000)
  from space 20992K, 0% used [0x00000000fd700000,0x00000000fd700000,0x00000000feb80000)
  to   space 19968K, 0% used [0x00000000fec80000,0x00000000fec80000,0x0000000100000000)
 ParOldGen       total 86016K, used 50636K [0x00000000c0000000, 0x00000000c5400000, 0x00000000eaa80000)
  object space 86016K, 58% used [0x00000000c0000000,0x00000000c3173158,0x00000000c5400000)
 PSPermGen       total 86528K, used 45496K [0x00000000b0000000, 0x00000000b5480000, 0x00000000c0000000)
  object space 86528K, 52% used [0x00000000b0000000,0x00000000b2c6e010,0x00000000b5480000)
GC Heap History (10 events):
Event: 10.476 GC heap before
{Heap before GC invocations=10 (full 0):
 PSYoungGen      total 143872K, used 137015K [0x00000000eaa80000, 0x00000000f9000000, 0x0000000100000000)
  eden space 132608K, 100% used [0x00000000eaa80000,0x00000000f2c00000,0x00000000f2c00000)
  from space 11264K, 39% used [0x00000000f2c00000,0x00000000f304de20,0x00000000f3700000)
  to   space 11264K, 0% used [0x00000000f8500000,0x00000000f8500000,0x00000000f9000000)
 ParOldGen       total 86016K, used 15031K [0x00000000c0000000, 0x00000000c5400000, 0x00000000eaa80000)
  object space 86016K, 17% used [0x00000000c0000000,0x00000000c0eadde8,0x00000000c5400000)
 PSPermGen       total 29184K, used 28810K [0x00000000b0000000, 0x00000000b1c80000, 0x00000000c0000000)
  object space 29184K, 98% used [0x00000000b0000000,0x00000000b1c229d0,0x00000000b1c80000)
Event: 10.509 GC heap after
Heap after GC invocations=10 (full 0):
 PSYoungGen      total 222208K, used 11237K [0x00000000eaa80000, 0x00000000f9300000, 0x0000000100000000)
  eden space 210944K, 0% used [0x00000000eaa80000,0x00000000eaa80000,0x00000000f7880000)
  from space 11264K, 99% used [0x00000000f8500000,0x00000000f8ff9560,0x00000000f9000000)
  to   space 12800K, 0% used [0x00000000f7880000,0x00000000f7880000,0x00000000f8500000)
 ParOldGen       total 86016K, used 16152K [0x00000000c0000000, 0x00000000c5400000, 0x00000000eaa80000)
  object space 86016K, 18% used [0x00000000c0000000,0x00000000c0fc6358,0x00000000c5400000)
 PSPermGen       total 29184K, used 28810K [0x00000000b0000000, 0x00000000b1c80000, 0x00000000c0000000)
  object space 29184K, 98% used [0x00000000b0000000,0x00000000b1c229d0,0x00000000b1c80000)
}
Event: 12.130 GC heap before
{Heap before GC invocations=11 (full 0):
 PSYoungGen      total 222208K, used 222181K [0x00000000eaa80000, 0x00000000f9300000, 0x0000000100000000)
  eden space 210944K, 100% used [0x00000000eaa80000,0x00000000f7880000,0x00000000f7880000)
  from space 11264K, 99% used [0x00000000f8500000,0x00000000f8ff9560,0x00000000f9000000)
  to   space 12800K, 0% used [0x00000000f7880000,0x00000000f7880000,0x00000000f8500000)
 ParOldGen       total 86016K, used 16152K [0x00000000c0000000, 0x00000000c5400000, 0x00000000eaa80000)
  object space 86016K, 18% used [0x00000000c0000000,0x00000000c0fc6358,0x00000000c5400000)
 PSPermGen       total 31232K, used 30724K [0x00000000b0000000, 0x00000000b1e80000, 0x00000000c0000000)
  object space 31232K, 98% used [0x00000000b0000000,0x00000000b1e010f8,0x00000000b1e80000)
Event: 12.146 GC heap after
Heap after GC invocations=11 (full 0):
 PSYoungGen      total 223744K, used 3565K [0x00000000eaa80000, 0x0000000100000000, 0x0000000100000000)
  eden space 210944K, 0% used [0x00000000eaa80000,0x00000000eaa80000,0x00000000f7880000)
  from space 12800K, 27% used [0x00000000f7880000,0x00000000f7bfb588,0x00000000f8500000)
  to   space 12800K, 0% used [0x00000000ff380000,0x00000000ff380000,0x0000000100000000)
 ParOldGen       total 86016K, used 23070K [0x00000000c0000000, 0x00000000c5400000, 0x00000000eaa80000)
  object space 86016K, 26% used [0x00000000c0000000,0x00000000c1687800,0x00000000c5400000)
 PSPermGen       total 31232K, used 30724K [0x00000000b0000000, 0x00000000b1e80000, 0x00000000c0000000)
  object space 31232K, 98% used [0x00000000b0000000,0x00000000b1e010f8,0x00000000b1e80000)
}
Event: 18.038 GC heap before
{Heap before GC invocations=12 (full 0):
 PSYoungGen      total 223744K, used 214509K [0x00000000eaa80000, 0x0000000100000000, 0x0000000100000000)
  eden space 210944K, 100% used [0x00000000eaa80000,0x00000000f7880000,0x00000000f7880000)
  from space 12800K, 27% used [0x00000000f7880000,0x00000000f7bfb588,0x00000000f8500000)
  to   space 12800K, 0% used [0x00000000ff380000,0x00000000ff380000,0x0000000100000000)
 ParOldGen       total 86016K, used 23070K [0x00000000c0000000, 0x00000000c5400000, 0x00000000eaa80000)
  object space 86016K, 26% used [0x00000000c0000000,0x00000000c1687800,0x00000000c5400000)
 PSPermGen       total 40960K, used 40451K [0x00000000b0000000, 0x00000000b2800000, 0x00000000c0000000)
  object space 40960K, 98% used [0x00000000b0000000,0x00000000b2780ca0,0x00000000b2800000)
Event: 18.114 GC heap after
Heap after GC invocations=12 (full 0):
 PSYoungGen      total 320512K, used 12800K [0x00000000eaa80000, 0x0000000100000000, 0x0000000100000000)
  eden space 307712K, 0% used [0x00000000eaa80000,0x00000000eaa80000,0x00000000fd700000)
  from space 12800K, 100% used [0x00000000ff380000,0x0000000100000000,0x0000000100000000)
  to   space 20992K, 0% used [0x00000000fd700000,0x00000000fd700000,0x00000000feb80000)
 ParOldGen       total 86016K, used 40437K [0x00000000c0000000, 0x00000000c5400000, 0x00000000eaa80000)
  object space 86016K, 47% used [0x00000000c0000000,0x00000000c277d700,0x00000000c5400000)
 PSPermGen       total 40960K, used 40451K [0x00000000b0000000, 0x00000000b2800000, 0x00000000c0000000)
  object space 40960K, 98% used [0x00000000b0000000,0x00000000b2780ca0,0x00000000b2800000)
}
Event: 19.894 GC heap before
{Heap before GC invocations=13 (full 0):
 PSYoungGen      total 320512K, used 97573K [0x00000000eaa80000, 0x0000000100000000, 0x0000000100000000)
  eden space 307712K, 27% used [0x00000000eaa80000,0x00000000efd49600,0x00000000fd700000)
  from space 12800K, 100% used [0x00000000ff380000,0x0000000100000000,0x0000000100000000)
  to   space 20992K, 0% used [0x00000000fd700000,0x00000000fd700000,0x00000000feb80000)
 ParOldGen       total 86016K, used 40437K [0x00000000c0000000, 0x00000000c5400000, 0x00000000eaa80000)
  object space 86016K, 47% used [0x00000000c0000000,0x00000000c277d700,0x00000000c5400000)
 PSPermGen       total 43520K, used 43192K [0x00000000b0000000, 0x00000000b2a80000, 0x00000000c0000000)
  object space 43520K, 99% used [0x00000000b0000000,0x00000000b2a2e210,0x00000000b2a80000)
Event: 20.009 GC heap after
Heap after GC invocations=13 (full 0):
 PSYoungGen      total 328704K, used 8305K [0x00000000eaa80000, 0x0000000100000000, 0x0000000100000000)
  eden space 307712K, 0% used [0x00000000eaa80000,0x00000000eaa80000,0x00000000fd700000)
  from space 20992K, 39% used [0x00000000fd700000,0x00000000fdf1c768,0x00000000feb80000)
  to   space 19968K, 0% used [0x00000000fec80000,0x00000000fec80000,0x0000000100000000)
 ParOldGen       total 86016K, used 53290K [0x00000000c0000000, 0x00000000c5400000, 0x00000000eaa80000)
  object space 86016K, 61% used [0x00000000c0000000,0x00000000c340a8d0,0x00000000c5400000)
 PSPermGen       total 43520K, used 43192K [0x00000000b0000000, 0x00000000b2a80000, 0x00000000c0000000)
  object space 43520K, 99% used [0x00000000b0000000,0x00000000b2a2e210,0x00000000b2a80000)
}
Event: 20.009 GC heap before
{Heap before GC invocations=14 (full 1):
 PSYoungGen      total 328704K, used 8305K [0x00000000eaa80000, 0x0000000100000000, 0x0000000100000000)
  eden space 307712K, 0% used [0x00000000eaa80000,0x00000000eaa80000,0x00000000fd700000)
  from space 20992K, 39% used [0x00000000fd700000,0x00000000fdf1c768,0x00000000feb80000)
  to   space 19968K, 0% used [0x00000000fec80000,0x00000000fec80000,0x0000000100000000)
 ParOldGen       total 86016K, used 53290K [0x00000000c0000000, 0x00000000c5400000, 0x00000000eaa80000)
  object space 86016K, 61% used [0x00000000c0000000,0x00000000c340a8d0,0x00000000c5400000)
 PSPermGen       total 43520K, used 43192K [0x00000000b0000000, 0x00000000b2a80000, 0x00000000c0000000)
  object space 43520K, 99% used [0x00000000b0000000,0x00000000b2a2e210,0x00000000b2a80000)
Event: 20.947 GC heap after
Heap after GC invocations=14 (full 1):
 PSYoungGen      total 328704K, used 0K [0x00000000eaa80000, 0x0000000100000000, 0x0000000100000000)
  eden space 307712K, 0% used [0x00000000eaa80000,0x00000000eaa80000,0x00000000fd700000)
  from space 20992K, 0% used [0x00000000fd700000,0x00000000fd700000,0x00000000feb80000)
  to   space 19968K, 0% used [0x00000000fec80000,0x00000000fec80000,0x0000000100000000)
 ParOldGen       total 86016K, used 50636K [0x00000000c0000000, 0x00000000c5400000, 0x00000000eaa80000)
  object space 86016K, 58% used [0x00000000c0000000,0x00000000c3173158,0x00000000c5400000)
 PSPermGen       total 86528K, used 43090K [0x00000000b0000000, 0x00000000b5480000, 0x00000000c0000000)
  object space 86528K, 49% used [0x00000000b0000000,0x00000000b2a14900,0x00000000b5480000)
}

