# JRE version: Java(TM) SE Runtime Environment (7.0_79-b15) (build 1.7.0_79-b15)
# Java VM: Java HotSpot(TM) 64-Bit Server VM (24.79-b02 mixed mode windows-amd64 compressed oops)
Heap
 PSYoungGen      total 273408K, used 138750K [0x00000000eaa80000, 0x00000000fc880000, 0x0000000100000000)
  eden space 263168K, 48% used [0x00000000eaa80000,0x00000000f2802dc8,0x00000000fab80000)
  from space 10240K, 99% used [0x00000000fb880000,0x00000000fc27cca8,0x00000000fc280000)
  to   space 13312K, 0% used [0x00000000fab80000,0x00000000fab80000,0x00000000fb880000)
 ParOldGen       total 86016K, used 16387K [0x00000000c0000000, 0x00000000c5400000, 0x00000000eaa80000)
  object space 86016K, 19% used [0x00000000c0000000,0x00000000c1000f50,0x00000000c5400000)
 PSPermGen       total 39424K, used 39237K [0x00000000b0000000, 0x00000000b2680000, 0x00000000c0000000)
  object space 39424K, 99% used [0x00000000b0000000,0x00000000b2651480,0x00000000b2680000)
GC Heap History (10 events):
Event: 3.283 GC heap before
{Heap before GC invocations=4 (full 0):
 PSYoungGen      total 38400K, used 38376K [0x00000000eaa80000, 0x00000000ef580000, 0x0000000100000000)
  eden space 33280K, 100% used [0x00000000eaa80000,0x00000000ecb00000,0x00000000ecb00000)
  from space 5120K, 99% used [0x00000000ecb00000,0x00000000ecffa040,0x00000000ed000000)
  to   space 5120K, 0% used [0x00000000ef080000,0x00000000ef080000,0x00000000ef580000)
 ParOldGen       total 86016K, used 6672K [0x00000000c0000000, 0x00000000c5400000, 0x00000000eaa80000)
  object space 86016K, 7% used [0x00000000c0000000,0x00000000c06842c0,0x00000000c5400000)
 PSPermGen       total 21504K, used 21442K [0x00000000b0000000, 0x00000000b1500000, 0x00000000c0000000)
  object space 21504K, 99% used [0x00000000b0000000,0x00000000b14f0bb0,0x00000000b1500000)
Event: 3.296 GC heap after
Heap after GC invocations=4 (full 0):
 PSYoungGen      total 71680K, used 5104K [0x00000000eaa80000, 0x00000000ef580000, 0x0000000100000000)
  eden space 66560K, 0% used [0x00000000eaa80000,0x00000000eaa80000,0x00000000eeb80000)
  from space 5120K, 99% used [0x00000000ef080000,0x00000000ef57c100,0x00000000ef580000)
  to   space 5120K, 0% used [0x00000000eeb80000,0x00000000eeb80000,0x00000000ef080000)
 ParOldGen       total 86016K, used 9521K [0x00000000c0000000, 0x00000000c5400000, 0x00000000eaa80000)
  object space 86016K, 11% used [0x00000000c0000000,0x00000000c094c470,0x00000000c5400000)
 PSPermGen       total 21504K, used 21442K [0x00000000b0000000, 0x00000000b1500000, 0x00000000c0000000)
  object space 21504K, 99% used [0x00000000b0000000,0x00000000b14f0bb0,0x00000000b1500000)
}
Event: 3.677 GC heap before
{Heap before GC invocations=5 (full 0):
 PSYoungGen      total 71680K, used 71664K [0x00000000eaa80000, 0x00000000ef580000, 0x0000000100000000)
  eden space 66560K, 100% used [0x00000000eaa80000,0x00000000eeb80000,0x00000000eeb80000)
  from space 5120K, 99% used [0x00000000ef080000,0x00000000ef57c100,0x00000000ef580000)
  to   space 5120K, 0% used [0x00000000eeb80000,0x00000000eeb80000,0x00000000ef080000)
 ParOldGen       total 86016K, used 9521K [0x00000000c0000000, 0x00000000c5400000, 0x00000000eaa80000)
  object space 86016K, 11% used [0x00000000c0000000,0x00000000c094c470,0x00000000c5400000)
 PSPermGen       total 21504K, used 21450K [0x00000000b0000000, 0x00000000b1500000, 0x00000000c0000000)
  object space 21504K, 99% used [0x00000000b0000000,0x00000000b14f28b0,0x00000000b1500000)
Event: 3.690 GC heap after
Heap after GC invocations=5 (full 0):
 PSYoungGen      total 71680K, used 5088K [0x00000000eaa80000, 0x00000000f4080000, 0x0000000100000000)
  eden space 66560K, 0% used [0x00000000eaa80000,0x00000000eaa80000,0x00000000eeb80000)
  from space 5120K, 99% used [0x00000000eeb80000,0x00000000ef0780d0,0x00000000ef080000)
  to   space 10240K, 0% used [0x00000000f3680000,0x00000000f3680000,0x00000000f4080000)
 ParOldGen       total 86016K, used 9849K [0x00000000c0000000, 0x00000000c5400000, 0x00000000eaa80000)
  object space 86016K, 11% used [0x00000000c0000000,0x00000000c099e470,0x00000000c5400000)
 PSPermGen       total 21504K, used 21450K [0x00000000b0000000, 0x00000000b1500000, 0x00000000c0000000)
  object space 21504K, 99% used [0x00000000b0000000,0x00000000b14f28b0,0x00000000b1500000)
}
Event: 4.017 GC heap before
{Heap before GC invocations=6 (full 0):
 PSYoungGen      total 71680K, used 71648K [0x00000000eaa80000, 0x00000000f4080000, 0x0000000100000000)
  eden space 66560K, 100% used [0x00000000eaa80000,0x00000000eeb80000,0x00000000eeb80000)
  from space 5120K, 99% used [0x00000000eeb80000,0x00000000ef0780d0,0x00000000ef080000)
  to   space 10240K, 0% used [0x00000000f3680000,0x00000000f3680000,0x00000000f4080000)
 ParOldGen       total 86016K, used 9849K [0x00000000c0000000, 0x00000000c5400000, 0x00000000eaa80000)
  object space 86016K, 11% used [0x00000000c0000000,0x00000000c099e470,0x00000000c5400000)
 PSPermGen       total 21504K, used 21473K [0x00000000b0000000, 0x00000000b1500000, 0x00000000c0000000)
  object space 21504K, 99% used [0x00000000b0000000,0x00000000b14f85b0,0x00000000b1500000)
Event: 4.029 GC heap after
Heap after GC invocations=6 (full 0):
 PSYoungGen      total 143360K, used 5600K [0x00000000eaa80000, 0x00000000f4080000, 0x0000000100000000)
  eden space 133120K, 0% used [0x00000000eaa80000,0x00000000eaa80000,0x00000000f2c80000)
  from space 10240K, 54% used [0x00000000f3680000,0x00000000f3bf8110,0x00000000f4080000)
  to   space 10240K, 0% used [0x00000000f2c80000,0x00000000f2c80000,0x00000000f3680000)
 ParOldGen       total 86016K, used 9849K [0x00000000c0000000, 0x00000000c5400000, 0x00000000eaa80000)
  object space 86016K, 11% used [0x00000000c0000000,0x00000000c099e470,0x00000000c5400000)
 PSPermGen       total 21504K, used 21473K [0x00000000b0000000, 0x00000000b1500000, 0x00000000c0000000)
  object space 21504K, 99% used [0x00000000b0000000,0x00000000b14f85b0,0x00000000b1500000)
}
Event: 5.076 GC heap before
{Heap before GC invocations=7 (full 0):
 PSYoungGen      total 143360K, used 138720K [0x00000000eaa80000, 0x00000000f4080000, 0x0000000100000000)
  eden space 133120K, 100% used [0x00000000eaa80000,0x00000000f2c80000,0x00000000f2c80000)
  from space 10240K, 54% used [0x00000000f3680000,0x00000000f3bf8110,0x00000000f4080000)
  to   space 10240K, 0% used [0x00000000f2c80000,0x00000000f2c80000,0x00000000f3680000)
 ParOldGen       total 86016K, used 9849K [0x00000000c0000000, 0x00000000c5400000, 0x00000000eaa80000)
  object space 86016K, 11% used [0x00000000c0000000,0x00000000c099e470,0x00000000c5400000)
 PSPermGen       total 21504K, used 21498K [0x00000000b0000000, 0x00000000b1500000, 0x00000000c0000000)
  object space 21504K, 99% used [0x00000000b0000000,0x00000000b14feb48,0x00000000b1500000)
Event: 5.094 GC heap after
Heap after GC invocations=7 (full 0):
 PSYoungGen      total 143360K, used 3160K [0x00000000eaa80000, 0x00000000fc280000, 0x0000000100000000)
  eden space 133120K, 0% used [0x00000000eaa80000,0x00000000eaa80000,0x00000000f2c80000)
  from space 10240K, 30% used [0x00000000f2c80000,0x00000000f2f96100,0x00000000f3680000)
  to   space 10240K, 0% used [0x00000000fb880000,0x00000000fb880000,0x00000000fc280000)
 ParOldGen       total 86016K, used 12805K [0x00000000c0000000, 0x00000000c5400000, 0x00000000eaa80000)
  object space 86016K, 14% used [0x00000000c0000000,0x00000000c0c81658,0x00000000c5400000)
 PSPermGen       total 21504K, used 21498K [0x00000000b0000000, 0x00000000b1500000, 0x00000000c0000000)
  object space 21504K, 99% used [0x00000000b0000000,0x00000000b14feb48,0x00000000b1500000)
}
Event: 7.858 GC heap before
{Heap before GC invocations=8 (full 0):
 PSYoungGen      total 143360K, used 136280K [0x00000000eaa80000, 0x00000000fc280000, 0x0000000100000000)
  eden space 133120K, 100% used [0x00000000eaa80000,0x00000000f2c80000,0x00000000f2c80000)
  from space 10240K, 30% used [0x00000000f2c80000,0x00000000f2f96100,0x00000000f3680000)
  to   space 10240K, 0% used [0x00000000fb880000,0x00000000fb880000,0x00000000fc280000)
 ParOldGen       total 86016K, used 12805K [0x00000000c0000000, 0x00000000c5400000, 0x00000000eaa80000)
  object space 86016K, 14% used [0x00000000c0000000,0x00000000c0c81658,0x00000000c5400000)
 PSPermGen       total 28160K, used 27942K [0x00000000b0000000, 0x00000000b1b80000, 0x00000000c0000000)
  object space 28160K, 99% used [0x00000000b0000000,0x00000000b1b49b90,0x00000000b1b80000)
Event: 7.878 GC heap after
Heap after GC invocations=8 (full 0):
 PSYoungGen      total 273408K, used 10227K [0x00000000eaa80000, 0x00000000fc880000, 0x0000000100000000)
  eden space 263168K, 0% used [0x00000000eaa80000,0x00000000eaa80000,0x00000000fab80000)
  from space 10240K, 99% used [0x00000000fb880000,0x00000000fc27cca8,0x00000000fc280000)
  to   space 13312K, 0% used [0x00000000fab80000,0x00000000fab80000,0x00000000fb880000)
 ParOldGen       total 86016K, used 16387K [0x00000000c0000000, 0x00000000c5400000, 0x00000000eaa80000)
  object space 86016K, 19% used [0x00000000c0000000,0x00000000c1000f50,0x00000000c5400000)
 PSPermGen       total 28160K, used 27942K [0x00000000b0000000, 0x00000000b1b80000, 0x00000000c0000000)
  object space 28160K, 99% used [0x00000000b0000000,0x00000000b1b49b90,0x00000000b1b80000)
}

