# JRE version: Java(TM) SE Runtime Environment (7.0_79-b15) (build 1.7.0_79-b15)
# Java VM: Java HotSpot(TM) 64-Bit Server VM (24.79-b02 mixed mode windows-amd64 compressed oops)
Heap
 PSYoungGen      total 223744K, used 63312K [0x00000000eaa80000, 0x0000000100000000, 0x0000000100000000)
  eden space 211456K, 24% used [0x00000000eaa80000,0x00000000edc54f70,0x00000000f7900000)
  from space 12288K, 99% used [0x00000000f7900000,0x00000000f84ff2d0,0x00000000f8500000)
  to   space 16896K, 0% used [0x00000000fef80000,0x00000000fef80000,0x0000000100000000)
 ParOldGen       total 86016K, used 22652K [0x00000000c0000000, 0x00000000c5400000, 0x00000000eaa80000)
  object space 86016K, 26% used [0x00000000c0000000,0x00000000c161f1e8,0x00000000c5400000)
 PSPermGen       total 39424K, used 39306K [0x00000000b0000000, 0x00000000b2680000, 0x00000000c0000000)
  object space 39424K, 99% used [0x00000000b0000000,0x00000000b2662848,0x00000000b2680000)
GC Heap History (10 events):
Event: 6.235 GC heap before
{Heap before GC invocations=7 (full 0):
 PSYoungGen      total 76800K, used 71904K [0x00000000eaa80000, 0x00000000eff80000, 0x0000000100000000)
  eden space 66560K, 100% used [0x00000000eaa80000,0x00000000eeb80000,0x00000000eeb80000)
  from space 10240K, 52% used [0x00000000ef580000,0x00000000efab8110,0x00000000eff80000)
  to   space 10240K, 0% used [0x00000000eeb80000,0x00000000eeb80000,0x00000000ef580000)
 ParOldGen       total 86016K, used 9568K [0x00000000c0000000, 0x00000000c5400000, 0x00000000eaa80000)
  object space 86016K, 11% used [0x00000000c0000000,0x00000000c0958258,0x00000000c5400000)
 PSPermGen       total 21504K, used 21462K [0x00000000b0000000, 0x00000000b1500000, 0x00000000c0000000)
  object space 21504K, 99% used [0x00000000b0000000,0x00000000b14f5a78,0x00000000b1500000)
Event: 6.247 GC heap after
Heap after GC invocations=7 (full 0):
 PSYoungGen      total 76800K, used 2628K [0x00000000eaa80000, 0x00000000f4180000, 0x0000000100000000)
  eden space 66560K, 0% used [0x00000000eaa80000,0x00000000eaa80000,0x00000000eeb80000)
  from space 10240K, 25% used [0x00000000eeb80000,0x00000000eee110e0,0x00000000ef580000)
  to   space 10752K, 0% used [0x00000000f3700000,0x00000000f3700000,0x00000000f4180000)
 ParOldGen       total 86016K, used 12742K [0x00000000c0000000, 0x00000000c5400000, 0x00000000eaa80000)
  object space 86016K, 14% used [0x00000000c0000000,0x00000000c0c71a78,0x00000000c5400000)
 PSPermGen       total 21504K, used 21462K [0x00000000b0000000, 0x00000000b1500000, 0x00000000c0000000)
  object space 21504K, 99% used [0x00000000b0000000,0x00000000b14f5a78,0x00000000b1500000)
}
Event: 6.533 GC heap before
{Heap before GC invocations=8 (full 0):
 PSYoungGen      total 76800K, used 69188K [0x00000000eaa80000, 0x00000000f4180000, 0x0000000100000000)
  eden space 66560K, 100% used [0x00000000eaa80000,0x00000000eeb80000,0x00000000eeb80000)
  from space 10240K, 25% used [0x00000000eeb80000,0x00000000eee110e0,0x00000000ef580000)
  to   space 10752K, 0% used [0x00000000f3700000,0x00000000f3700000,0x00000000f4180000)
 ParOldGen       total 86016K, used 12742K [0x00000000c0000000, 0x00000000c5400000, 0x00000000eaa80000)
  object space 86016K, 14% used [0x00000000c0000000,0x00000000c0c71a78,0x00000000c5400000)
 PSPermGen       total 21504K, used 21472K [0x00000000b0000000, 0x00000000b1500000, 0x00000000c0000000)
  object space 21504K, 99% used [0x00000000b0000000,0x00000000b14f8130,0x00000000b1500000)
Event: 6.537 GC heap after
Heap after GC invocations=8 (full 0):
 PSYoungGen      total 143360K, used 1056K [0x00000000eaa80000, 0x00000000f4280000, 0x0000000100000000)
  eden space 132608K, 0% used [0x00000000eaa80000,0x00000000eaa80000,0x00000000f2c00000)
  from space 10752K, 9% used [0x00000000f3700000,0x00000000f3808000,0x00000000f4180000)
  to   space 11264K, 0% used [0x00000000f2c00000,0x00000000f2c00000,0x00000000f3700000)
 ParOldGen       total 86016K, used 14520K [0x00000000c0000000, 0x00000000c5400000, 0x00000000eaa80000)
  object space 86016K, 16% used [0x00000000c0000000,0x00000000c0e2e388,0x00000000c5400000)
 PSPermGen       total 21504K, used 21472K [0x00000000b0000000, 0x00000000b1500000, 0x00000000c0000000)
  object space 21504K, 99% used [0x00000000b0000000,0x00000000b14f8130,0x00000000b1500000)
}
Event: 7.579 GC heap before
{Heap before GC invocations=9 (full 0):
 PSYoungGen      total 143360K, used 133664K [0x00000000eaa80000, 0x00000000f4280000, 0x0000000100000000)
  eden space 132608K, 100% used [0x00000000eaa80000,0x00000000f2c00000,0x00000000f2c00000)
  from space 10752K, 9% used [0x00000000f3700000,0x00000000f3808000,0x00000000f4180000)
  to   space 11264K, 0% used [0x00000000f2c00000,0x00000000f2c00000,0x00000000f3700000)
 ParOldGen       total 86016K, used 14520K [0x00000000c0000000, 0x00000000c5400000, 0x00000000eaa80000)
  object space 86016K, 16% used [0x00000000c0000000,0x00000000c0e2e388,0x00000000c5400000)
 PSPermGen       total 24064K, used 23784K [0x00000000b0000000, 0x00000000b1780000, 0x00000000c0000000)
  object space 24064K, 98% used [0x00000000b0000000,0x00000000b173a100,0x00000000b1780000)
Event: 7.589 GC heap after
Heap after GC invocations=9 (full 0):
 PSYoungGen      total 143872K, used 7255K [0x00000000eaa80000, 0x00000000f9000000, 0x0000000100000000)
  eden space 132608K, 0% used [0x00000000eaa80000,0x00000000eaa80000,0x00000000f2c00000)
  from space 11264K, 64% used [0x00000000f2c00000,0x00000000f3315df8,0x00000000f3700000)
  to   space 11264K, 0% used [0x00000000f8500000,0x00000000f8500000,0x00000000f9000000)
 ParOldGen       total 86016K, used 14832K [0x00000000c0000000, 0x00000000c5400000, 0x00000000eaa80000)
  object space 86016K, 17% used [0x00000000c0000000,0x00000000c0e7c388,0x00000000c5400000)
 PSPermGen       total 24064K, used 23784K [0x00000000b0000000, 0x00000000b1780000, 0x00000000c0000000)
  object space 24064K, 98% used [0x00000000b0000000,0x00000000b173a100,0x00000000b1780000)
}
Event: 9.769 GC heap before
{Heap before GC invocations=10 (full 0):
 PSYoungGen      total 143872K, used 139863K [0x00000000eaa80000, 0x00000000f9000000, 0x0000000100000000)
  eden space 132608K, 100% used [0x00000000eaa80000,0x00000000f2c00000,0x00000000f2c00000)
  from space 11264K, 64% used [0x00000000f2c00000,0x00000000f3315df8,0x00000000f3700000)
  to   space 11264K, 0% used [0x00000000f8500000,0x00000000f8500000,0x00000000f9000000)
 ParOldGen       total 86016K, used 14832K [0x00000000c0000000, 0x00000000c5400000, 0x00000000eaa80000)
  object space 86016K, 17% used [0x00000000c0000000,0x00000000c0e7c388,0x00000000c5400000)
 PSPermGen       total 28160K, used 28137K [0x00000000b0000000, 0x00000000b1b80000, 0x00000000c0000000)
  object space 28160K, 99% used [0x00000000b0000000,0x00000000b1b7a5e8,0x00000000b1b80000)
Event: 9.782 GC heap after
Heap after GC invocations=10 (full 0):
 PSYoungGen      total 222720K, used 10268K [0x00000000eaa80000, 0x00000000f9200000, 0x0000000100000000)
  eden space 211456K, 0% used [0x00000000eaa80000,0x00000000eaa80000,0x00000000f7900000)
  from space 11264K, 91% used [0x00000000f8500000,0x00000000f8f07308,0x00000000f9000000)
  to   space 12288K, 0% used [0x00000000f7900000,0x00000000f7900000,0x00000000f8500000)
 ParOldGen       total 86016K, used 15488K [0x00000000c0000000, 0x00000000c5400000, 0x00000000eaa80000)
  object space 86016K, 18% used [0x00000000c0000000,0x00000000c0f20398,0x00000000c5400000)
 PSPermGen       total 28160K, used 28137K [0x00000000b0000000, 0x00000000b1b80000, 0x00000000c0000000)
  object space 28160K, 99% used [0x00000000b0000000,0x00000000b1b7a5e8,0x00000000b1b80000)
}
Event: 11.817 GC heap before
{Heap before GC invocations=11 (full 0):
 PSYoungGen      total 222720K, used 221724K [0x00000000eaa80000, 0x00000000f9200000, 0x0000000100000000)
  eden space 211456K, 100% used [0x00000000eaa80000,0x00000000f7900000,0x00000000f7900000)
  from space 11264K, 91% used [0x00000000f8500000,0x00000000f8f07308,0x00000000f9000000)
  to   space 12288K, 0% used [0x00000000f7900000,0x00000000f7900000,0x00000000f8500000)
 ParOldGen       total 86016K, used 15488K [0x00000000c0000000, 0x00000000c5400000, 0x00000000eaa80000)
  object space 86016K, 18% used [0x00000000c0000000,0x00000000c0f20398,0x00000000c5400000)
 PSPermGen       total 35328K, used 35240K [0x00000000b0000000, 0x00000000b2280000, 0x00000000c0000000)
  object space 35328K, 99% used [0x00000000b0000000,0x00000000b226a2b8,0x00000000b2280000)
Event: 11.864 GC heap after
Heap after GC invocations=11 (full 0):
 PSYoungGen      total 223744K, used 12284K [0x00000000eaa80000, 0x0000000100000000, 0x0000000100000000)
  eden space 211456K, 0% used [0x00000000eaa80000,0x00000000eaa80000,0x00000000f7900000)
  from space 12288K, 99% used [0x00000000f7900000,0x00000000f84ff2d0,0x00000000f8500000)
  to   space 16896K, 0% used [0x00000000fef80000,0x00000000fef80000,0x0000000100000000)
 ParOldGen       total 86016K, used 22652K [0x00000000c0000000, 0x00000000c5400000, 0x00000000eaa80000)
  object space 86016K, 26% used [0x00000000c0000000,0x00000000c161f1e8,0x00000000c5400000)
 PSPermGen       total 35328K, used 35240K [0x00000000b0000000, 0x00000000b2280000, 0x00000000c0000000)
  object space 35328K, 99% used [0x00000000b0000000,0x00000000b226a2b8,0x00000000b2280000)
}

