# JRE version: Java(TM) SE Runtime Environment (7.0_79-b15) (build 1.7.0_79-b15)
# Java VM: Java HotSpot(TM) 64-Bit Server VM (24.79-b02 mixed mode windows-amd64 compressed oops)
Heap
 PSYoungGen      total 311808K, used 100342K [0x00000000eaa80000, 0x0000000100000000, 0x0000000100000000)
  eden space 285184K, 35% used [0x00000000eaa80000,0x00000000f0c7da60,0x00000000fc100000)
  from space 26624K, 0% used [0x00000000fe600000,0x00000000fe600000,0x0000000100000000)
  to   space 32256K, 0% used [0x00000000fc100000,0x00000000fc100000,0x00000000fe080000)
 ParOldGen       total 86016K, used 53167K [0x00000000c0000000, 0x00000000c5400000, 0x00000000eaa80000)
  object space 86016K, 61% used [0x00000000c0000000,0x00000000c33ebc78,0x00000000c5400000)
 PSPermGen       total 86528K, used 45202K [0x00000000b0000000, 0x00000000b5480000, 0x00000000c0000000)
  object space 86528K, 52% used [0x00000000b0000000,0x00000000b2c24a78,0x00000000b5480000)
GC Heap History (10 events):
Event: 19.028 GC heap before
{Heap before GC invocations=5 (full 0):
 PSYoungGen      total 138240K, used 138208K [0x00000000eaa80000, 0x00000000f3680000, 0x0000000100000000)
  eden space 133120K, 100% used [0x00000000eaa80000,0x00000000f2c80000,0x00000000f2c80000)
  from space 5120K, 99% used [0x00000000f3180000,0x00000000f3678110,0x00000000f3680000)
  to   space 5120K, 0% used [0x00000000f2c80000,0x00000000f2c80000,0x00000000f3180000)
 ParOldGen       total 86016K, used 9063K [0x00000000c0000000, 0x00000000c5400000, 0x00000000eaa80000)
  object space 86016K, 10% used [0x00000000c0000000,0x00000000c08d9f78,0x00000000c5400000)
 PSPermGen       total 23040K, used 22599K [0x00000000b0000000, 0x00000000b1680000, 0x00000000c0000000)
  object space 23040K, 98% used [0x00000000b0000000,0x00000000b1611e18,0x00000000b1680000)
Event: 19.137 GC heap after
Heap after GC invocations=5 (full 0):
 PSYoungGen      total 138240K, used 5116K [0x00000000eaa80000, 0x00000000fc680000, 0x0000000100000000)
  eden space 133120K, 0% used [0x00000000eaa80000,0x00000000eaa80000,0x00000000f2c80000)
  from space 5120K, 99% used [0x00000000f2c80000,0x00000000f317f0f0,0x00000000f3180000)
  to   space 12288K, 0% used [0x00000000fba80000,0x00000000fba80000,0x00000000fc680000)
 ParOldGen       total 86016K, used 12430K [0x00000000c0000000, 0x00000000c5400000, 0x00000000eaa80000)
  object space 86016K, 14% used [0x00000000c0000000,0x00000000c0c23bd0,0x00000000c5400000)
 PSPermGen       total 23040K, used 22599K [0x00000000b0000000, 0x00000000b1680000, 0x00000000c0000000)
  object space 23040K, 98% used [0x00000000b0000000,0x00000000b1611e18,0x00000000b1680000)
}
Event: 22.390 GC heap before
{Heap before GC invocations=6 (full 0):
 PSYoungGen      total 138240K, used 138236K [0x00000000eaa80000, 0x00000000fc680000, 0x0000000100000000)
  eden space 133120K, 100% used [0x00000000eaa80000,0x00000000f2c80000,0x00000000f2c80000)
  from space 5120K, 99% used [0x00000000f2c80000,0x00000000f317f0f0,0x00000000f3180000)
  to   space 12288K, 0% used [0x00000000fba80000,0x00000000fba80000,0x00000000fc680000)
 ParOldGen       total 86016K, used 12430K [0x00000000c0000000, 0x00000000c5400000, 0x00000000eaa80000)
  object space 86016K, 14% used [0x00000000c0000000,0x00000000c0c23bd0,0x00000000c5400000)
 PSPermGen       total 23040K, used 22617K [0x00000000b0000000, 0x00000000b1680000, 0x00000000c0000000)
  object space 23040K, 98% used [0x00000000b0000000,0x00000000b1616408,0x00000000b1680000)
Event: 22.415 GC heap after
Heap after GC invocations=6 (full 0):
 PSYoungGen      total 277504K, used 5884K [0x00000000eaa80000, 0x00000000fc580000, 0x0000000100000000)
  eden space 266240K, 0% used [0x00000000eaa80000,0x00000000eaa80000,0x00000000fae80000)
  from space 11264K, 52% used [0x00000000fba80000,0x00000000fc03f120,0x00000000fc580000)
  to   space 11776K, 0% used [0x00000000fae80000,0x00000000fae80000,0x00000000fba00000)
 ParOldGen       total 86016K, used 12430K [0x00000000c0000000, 0x00000000c5400000, 0x00000000eaa80000)
  object space 86016K, 14% used [0x00000000c0000000,0x00000000c0c23bd0,0x00000000c5400000)
 PSPermGen       total 23040K, used 22617K [0x00000000b0000000, 0x00000000b1680000, 0x00000000c0000000)
  object space 23040K, 98% used [0x00000000b0000000,0x00000000b1616408,0x00000000b1680000)
}
Event: 43.257 GC heap before
{Heap before GC invocations=7 (full 0):
 PSYoungGen      total 277504K, used 272124K [0x00000000eaa80000, 0x00000000fc580000, 0x0000000100000000)
  eden space 266240K, 100% used [0x00000000eaa80000,0x00000000fae80000,0x00000000fae80000)
  from space 11264K, 52% used [0x00000000fba80000,0x00000000fc03f120,0x00000000fc580000)
  to   space 11776K, 0% used [0x00000000fae80000,0x00000000fae80000,0x00000000fba00000)
 ParOldGen       total 86016K, used 12430K [0x00000000c0000000, 0x00000000c5400000, 0x00000000eaa80000)
  object space 86016K, 14% used [0x00000000c0000000,0x00000000c0c23bd0,0x00000000c5400000)
 PSPermGen       total 38912K, used 38803K [0x00000000b0000000, 0x00000000b2600000, 0x00000000c0000000)
  object space 38912K, 99% used [0x00000000b0000000,0x00000000b25e4cc0,0x00000000b2600000)
Event: 43.556 GC heap after
Heap after GC invocations=7 (full 0):
 PSYoungGen      total 278016K, used 11772K [0x00000000eaa80000, 0x0000000100000000, 0x0000000100000000)
  eden space 266240K, 0% used [0x00000000eaa80000,0x00000000eaa80000,0x00000000fae80000)
  from space 11776K, 99% used [0x00000000fae80000,0x00000000fb9ff100,0x00000000fba00000)
  to   space 26624K, 0% used [0x00000000fe600000,0x00000000fe600000,0x0000000100000000)
 ParOldGen       total 86016K, used 38710K [0x00000000c0000000, 0x00000000c5400000, 0x00000000eaa80000)
  object space 86016K, 45% used [0x00000000c0000000,0x00000000c25cd8f0,0x00000000c5400000)
 PSPermGen       total 38912K, used 38803K [0x00000000b0000000, 0x00000000b2600000, 0x00000000c0000000)
  object space 38912K, 99% used [0x00000000b0000000,0x00000000b25e4cc0,0x00000000b2600000)
}
Event: 54.432 GC heap before
{Heap before GC invocations=8 (full 0):
 PSYoungGen      total 278016K, used 164883K [0x00000000eaa80000, 0x0000000100000000, 0x0000000100000000)
  eden space 266240K, 57% used [0x00000000eaa80000,0x00000000f4005ea8,0x00000000fae80000)
  from space 11776K, 99% used [0x00000000fae80000,0x00000000fb9ff100,0x00000000fba00000)
  to   space 26624K, 0% used [0x00000000fe600000,0x00000000fe600000,0x0000000100000000)
 ParOldGen       total 86016K, used 38710K [0x00000000c0000000, 0x00000000c5400000, 0x00000000eaa80000)
  object space 86016K, 45% used [0x00000000c0000000,0x00000000c25cd8f0,0x00000000c5400000)
 PSPermGen       total 43520K, used 43152K [0x00000000b0000000, 0x00000000b2a80000, 0x00000000c0000000)
  object space 43520K, 99% used [0x00000000b0000000,0x00000000b2a240f0,0x00000000b2a80000)
Event: 54.675 GC heap after
Heap after GC invocations=8 (full 0):
 PSYoungGen      total 311808K, used 26607K [0x00000000eaa80000, 0x0000000100000000, 0x0000000100000000)
  eden space 285184K, 0% used [0x00000000eaa80000,0x00000000eaa80000,0x00000000fc100000)
  from space 26624K, 99% used [0x00000000fe600000,0x00000000ffffbf68,0x0000000100000000)
  to   space 32256K, 0% used [0x00000000fc100000,0x00000000fc100000,0x00000000fe080000)
 ParOldGen       total 86016K, used 40567K [0x00000000c0000000, 0x00000000c5400000, 0x00000000eaa80000)
  object space 86016K, 47% used [0x00000000c0000000,0x00000000c279dc00,0x00000000c5400000)
 PSPermGen       total 43520K, used 43152K [0x00000000b0000000, 0x00000000b2a80000, 0x00000000c0000000)
  object space 43520K, 99% used [0x00000000b0000000,0x00000000b2a240f0,0x00000000b2a80000)
}
Event: 54.675 GC heap before
{Heap before GC invocations=9 (full 1):
 PSYoungGen      total 311808K, used 26607K [0x00000000eaa80000, 0x0000000100000000, 0x0000000100000000)
  eden space 285184K, 0% used [0x00000000eaa80000,0x00000000eaa80000,0x00000000fc100000)
  from space 26624K, 99% used [0x00000000fe600000,0x00000000ffffbf68,0x0000000100000000)
  to   space 32256K, 0% used [0x00000000fc100000,0x00000000fc100000,0x00000000fe080000)
 ParOldGen       total 86016K, used 40567K [0x00000000c0000000, 0x00000000c5400000, 0x00000000eaa80000)
  object space 86016K, 47% used [0x00000000c0000000,0x00000000c279dc00,0x00000000c5400000)
 PSPermGen       total 43520K, used 43152K [0x00000000b0000000, 0x00000000b2a80000, 0x00000000c0000000)
  object space 43520K, 99% used [0x00000000b0000000,0x00000000b2a240f0,0x00000000b2a80000)
Event: 56.465 GC heap after
Heap after GC invocations=9 (full 1):
 PSYoungGen      total 311808K, used 0K [0x00000000eaa80000, 0x0000000100000000, 0x0000000100000000)
  eden space 285184K, 0% used [0x00000000eaa80000,0x00000000eaa80000,0x00000000fc100000)
  from space 26624K, 0% used [0x00000000fe600000,0x00000000fe600000,0x0000000100000000)
  to   space 32256K, 0% used [0x00000000fc100000,0x00000000fc100000,0x00000000fe080000)
 ParOldGen       total 86016K, used 53167K [0x00000000c0000000, 0x00000000c5400000, 0x00000000eaa80000)
  object space 86016K, 61% used [0x00000000c0000000,0x00000000c33ebc78,0x00000000c5400000)
 PSPermGen       total 86528K, used 43056K [0x00000000b0000000, 0x00000000b5480000, 0x00000000c0000000)
  object space 86528K, 49% used [0x00000000b0000000,0x00000000b2a0c368,0x00000000b5480000)
}

