# JRE version: Java(TM) SE Runtime Environment (7.0_79-b15) (build 1.7.0_79-b15)
# Java VM: Java HotSpot(TM) 64-Bit Server VM (24.79-b02 mixed mode windows-amd64 compressed oops)
Heap
 PSYoungGen      total 223744K, used 203355K [0x00000000eaa80000, 0x0000000100000000, 0x0000000100000000)
  eden space 212480K, 93% used [0x00000000eaa80000,0x00000000f6c458e8,0x00000000f7a00000)
  from space 11264K, 43% used [0x00000000f7a00000,0x00000000f7ed13f0,0x00000000f8500000)
  to   space 11264K, 0% used [0x00000000ff500000,0x00000000ff500000,0x0000000100000000)
 ParOldGen       total 86016K, used 21357K [0x00000000c0000000, 0x00000000c5400000, 0x00000000eaa80000)
  object space 86016K, 24% used [0x00000000c0000000,0x00000000c14db4d0,0x00000000c5400000)
 PSPermGen       total 40448K, used 40282K [0x00000000b0000000, 0x00000000b2780000, 0x00000000c0000000)
  object space 40448K, 99% used [0x00000000b0000000,0x00000000b2756af8,0x00000000b2780000)
GC Heap History (10 events):
Event: 17.888 GC heap before
{Heap before GC invocations=7 (full 0):
 PSYoungGen      total 77312K, used 71868K [0x00000000eaa80000, 0x00000000f0080000, 0x0000000100000000)
  eden space 66560K, 100% used [0x00000000eaa80000,0x00000000eeb80000,0x00000000eeb80000)
  from space 10752K, 49% used [0x00000000ef600000,0x00000000efb2f110,0x00000000f0080000)
  to   space 10752K, 0% used [0x00000000eeb80000,0x00000000eeb80000,0x00000000ef600000)
 ParOldGen       total 86016K, used 9652K [0x00000000c0000000, 0x00000000c5400000, 0x00000000eaa80000)
  object space 86016K, 11% used [0x00000000c0000000,0x00000000c096d278,0x00000000c5400000)
 PSPermGen       total 21504K, used 21490K [0x00000000b0000000, 0x00000000b1500000, 0x00000000c0000000)
  object space 21504K, 99% used [0x00000000b0000000,0x00000000b14fc988,0x00000000b1500000)
Event: 17.916 GC heap after
Heap after GC invocations=7 (full 0):
 PSYoungGen      total 77312K, used 2852K [0x00000000eaa80000, 0x00000000f4180000, 0x0000000100000000)
  eden space 66560K, 0% used [0x00000000eaa80000,0x00000000eaa80000,0x00000000eeb80000)
  from space 10752K, 26% used [0x00000000eeb80000,0x00000000eee490e0,0x00000000ef600000)
  to   space 10752K, 0% used [0x00000000f3700000,0x00000000f3700000,0x00000000f4180000)
 ParOldGen       total 86016K, used 12634K [0x00000000c0000000, 0x00000000c5400000, 0x00000000eaa80000)
  object space 86016K, 14% used [0x00000000c0000000,0x00000000c0c56828,0x00000000c5400000)
 PSPermGen       total 21504K, used 21490K [0x00000000b0000000, 0x00000000b1500000, 0x00000000c0000000)
  object space 21504K, 99% used [0x00000000b0000000,0x00000000b14fc988,0x00000000b1500000)
}
Event: 19.218 GC heap before
{Heap before GC invocations=8 (full 0):
 PSYoungGen      total 77312K, used 69412K [0x00000000eaa80000, 0x00000000f4180000, 0x0000000100000000)
  eden space 66560K, 100% used [0x00000000eaa80000,0x00000000eeb80000,0x00000000eeb80000)
  from space 10752K, 26% used [0x00000000eeb80000,0x00000000eee490e0,0x00000000ef600000)
  to   space 10752K, 0% used [0x00000000f3700000,0x00000000f3700000,0x00000000f4180000)
 ParOldGen       total 86016K, used 12634K [0x00000000c0000000, 0x00000000c5400000, 0x00000000eaa80000)
  object space 86016K, 14% used [0x00000000c0000000,0x00000000c0c56828,0x00000000c5400000)
 PSPermGen       total 21504K, used 21494K [0x00000000b0000000, 0x00000000b1500000, 0x00000000c0000000)
  object space 21504K, 99% used [0x00000000b0000000,0x00000000b14fd850,0x00000000b1500000)
Event: 19.290 GC heap after
Heap after GC invocations=8 (full 0):
 PSYoungGen      total 143360K, used 1072K [0x00000000eaa80000, 0x00000000f4280000, 0x0000000100000000)
  eden space 132608K, 0% used [0x00000000eaa80000,0x00000000eaa80000,0x00000000f2c00000)
  from space 10752K, 9% used [0x00000000f3700000,0x00000000f380c010,0x00000000f4180000)
  to   space 11264K, 0% used [0x00000000f2c00000,0x00000000f2c00000,0x00000000f3700000)
 ParOldGen       total 86016K, used 14605K [0x00000000c0000000, 0x00000000c5400000, 0x00000000eaa80000)
  object space 86016K, 16% used [0x00000000c0000000,0x00000000c0e434a8,0x00000000c5400000)
 PSPermGen       total 21504K, used 21494K [0x00000000b0000000, 0x00000000b1500000, 0x00000000c0000000)
  object space 21504K, 99% used [0x00000000b0000000,0x00000000b14fd850,0x00000000b1500000)
}
Event: 23.376 GC heap before
{Heap before GC invocations=9 (full 0):
 PSYoungGen      total 143360K, used 133680K [0x00000000eaa80000, 0x00000000f4280000, 0x0000000100000000)
  eden space 132608K, 100% used [0x00000000eaa80000,0x00000000f2c00000,0x00000000f2c00000)
  from space 10752K, 9% used [0x00000000f3700000,0x00000000f380c010,0x00000000f4180000)
  to   space 11264K, 0% used [0x00000000f2c00000,0x00000000f2c00000,0x00000000f3700000)
 ParOldGen       total 86016K, used 14605K [0x00000000c0000000, 0x00000000c5400000, 0x00000000eaa80000)
  object space 86016K, 16% used [0x00000000c0000000,0x00000000c0e434a8,0x00000000c5400000)
 PSPermGen       total 23040K, used 22944K [0x00000000b0000000, 0x00000000b1680000, 0x00000000c0000000)
  object space 23040K, 99% used [0x00000000b0000000,0x00000000b16680c0,0x00000000b1680000)
Event: 23.423 GC heap after
Heap after GC invocations=9 (full 0):
 PSYoungGen      total 143872K, used 4184K [0x00000000eaa80000, 0x00000000f9000000, 0x0000000100000000)
  eden space 132608K, 0% used [0x00000000eaa80000,0x00000000eaa80000,0x00000000f2c00000)
  from space 11264K, 37% used [0x00000000f2c00000,0x00000000f3016000,0x00000000f3700000)
  to   space 11264K, 0% used [0x00000000f8500000,0x00000000f8500000,0x00000000f9000000)
 ParOldGen       total 86016K, used 14917K [0x00000000c0000000, 0x00000000c5400000, 0x00000000eaa80000)
  object space 86016K, 17% used [0x00000000c0000000,0x00000000c0e914a8,0x00000000c5400000)
 PSPermGen       total 23040K, used 22944K [0x00000000b0000000, 0x00000000b1680000, 0x00000000c0000000)
  object space 23040K, 99% used [0x00000000b0000000,0x00000000b16680c0,0x00000000b1680000)
}
Event: 25.740 GC heap before
{Heap before GC invocations=10 (full 0):
 PSYoungGen      total 143872K, used 136792K [0x00000000eaa80000, 0x00000000f9000000, 0x0000000100000000)
  eden space 132608K, 100% used [0x00000000eaa80000,0x00000000f2c00000,0x00000000f2c00000)
  from space 11264K, 37% used [0x00000000f2c00000,0x00000000f3016000,0x00000000f3700000)
  to   space 11264K, 0% used [0x00000000f8500000,0x00000000f8500000,0x00000000f9000000)
 ParOldGen       total 86016K, used 14917K [0x00000000c0000000, 0x00000000c5400000, 0x00000000eaa80000)
  object space 86016K, 17% used [0x00000000c0000000,0x00000000c0e914a8,0x00000000c5400000)
 PSPermGen       total 25600K, used 25100K [0x00000000b0000000, 0x00000000b1900000, 0x00000000c0000000)
  object space 25600K, 98% used [0x00000000b0000000,0x00000000b1883198,0x00000000b1900000)
Event: 25.766 GC heap after
Heap after GC invocations=10 (full 0):
 PSYoungGen      total 223744K, used 7996K [0x00000000eaa80000, 0x00000000f9000000, 0x0000000100000000)
  eden space 212480K, 0% used [0x00000000eaa80000,0x00000000eaa80000,0x00000000f7a00000)
  from space 11264K, 70% used [0x00000000f8500000,0x00000000f8ccf020,0x00000000f9000000)
  to   space 11264K, 0% used [0x00000000f7a00000,0x00000000f7a00000,0x00000000f8500000)
 ParOldGen       total 86016K, used 15597K [0x00000000c0000000, 0x00000000c5400000, 0x00000000eaa80000)
  object space 86016K, 18% used [0x00000000c0000000,0x00000000c0f3b4a8,0x00000000c5400000)
 PSPermGen       total 25600K, used 25100K [0x00000000b0000000, 0x00000000b1900000, 0x00000000c0000000)
  object space 25600K, 98% used [0x00000000b0000000,0x00000000b1883198,0x00000000b1900000)
}
Event: 30.160 GC heap before
{Heap before GC invocations=11 (full 0):
 PSYoungGen      total 223744K, used 220476K [0x00000000eaa80000, 0x00000000f9000000, 0x0000000100000000)
  eden space 212480K, 100% used [0x00000000eaa80000,0x00000000f7a00000,0x00000000f7a00000)
  from space 11264K, 70% used [0x00000000f8500000,0x00000000f8ccf020,0x00000000f9000000)
  to   space 11264K, 0% used [0x00000000f7a00000,0x00000000f7a00000,0x00000000f8500000)
 ParOldGen       total 86016K, used 15597K [0x00000000c0000000, 0x00000000c5400000, 0x00000000eaa80000)
  object space 86016K, 18% used [0x00000000c0000000,0x00000000c0f3b4a8,0x00000000c5400000)
 PSPermGen       total 29184K, used 28790K [0x00000000b0000000, 0x00000000b1c80000, 0x00000000c0000000)
  object space 29184K, 98% used [0x00000000b0000000,0x00000000b1c1d928,0x00000000b1c80000)
Event: 30.182 GC heap after
Heap after GC invocations=11 (full 0):
 PSYoungGen      total 223744K, used 4932K [0x00000000eaa80000, 0x0000000100000000, 0x0000000100000000)
  eden space 212480K, 0% used [0x00000000eaa80000,0x00000000eaa80000,0x00000000f7a00000)
  from space 11264K, 43% used [0x00000000f7a00000,0x00000000f7ed13f0,0x00000000f8500000)
  to   space 11264K, 0% used [0x00000000ff500000,0x00000000ff500000,0x0000000100000000)
 ParOldGen       total 86016K, used 21357K [0x00000000c0000000, 0x00000000c5400000, 0x00000000eaa80000)
  object space 86016K, 24% used [0x00000000c0000000,0x00000000c14db4d0,0x00000000c5400000)
 PSPermGen       total 29184K, used 28790K [0x00000000b0000000, 0x00000000b1c80000, 0x00000000c0000000)
  object space 29184K, 98% used [0x00000000b0000000,0x00000000b1c1d928,0x00000000b1c80000)
}

